CRITICAL - 2023-03-27 14:07:57 --> Undefined array key "imgUsuario"
#0 C:\xampp\htdocs\tecmed\app\Controllers\CProfesional.php(85): CodeIgniter\Debug\Exceptions->errorHandler(2, 'Undefined array...', 'C:\\xampp\\htdocs...', 85)
#1 C:\xampp\htdocs\tecmed\system\CodeIgniter.php(802): App\Controllers\CProfesional->insertar()
#2 C:\xampp\htdocs\tecmed\system\CodeIgniter.php(399): CodeIgniter\CodeIgniter->runController(Object(App\Controllers\CProfesional))
#3 C:\xampp\htdocs\tecmed\system\CodeIgniter.php(317): CodeIgniter\CodeIgniter->handleRequest(NULL, Object(Config\Cache), false)
#4 C:\xampp\htdocs\tecmed\public\index.php(37): CodeIgniter\CodeIgniter->run()
#5 {main}
CRITICAL - 2023-03-27 14:09:44 --> Undefined array key "imgUsuario"
#0 C:\xampp\htdocs\tecmed\app\Controllers\CProfesional.php(85): CodeIgniter\Debug\Exceptions->errorHandler(2, 'Undefined array...', 'C:\\xampp\\htdocs...', 85)
#1 C:\xampp\htdocs\tecmed\system\CodeIgniter.php(802): App\Controllers\CProfesional->insertar()
#2 C:\xampp\htdocs\tecmed\system\CodeIgniter.php(399): CodeIgniter\CodeIgniter->runController(Object(App\Controllers\CProfesional))
#3 C:\xampp\htdocs\tecmed\system\CodeIgniter.php(317): CodeIgniter\CodeIgniter->handleRequest(NULL, Object(Config\Cache), false)
#4 C:\xampp\htdocs\tecmed\public\index.php(37): CodeIgniter\CodeIgniter->run()
#5 {main}
CRITICAL - 2023-03-27 14:11:11 --> move_uploaded_file(./assest/dist/img/usuario/password.png): Failed to open stream: No such file or directory
#0 [internal function]: CodeIgniter\Debug\Exceptions->errorHandler(2, 'move_uploaded_f...', 'C:\\xampp\\htdocs...', 88)
#1 C:\xampp\htdocs\tecmed\app\Controllers\CProfesional.php(88): move_uploaded_file('C:\\xampp\\tmp\\ph...', './assest/dist/i...')
#2 C:\xampp\htdocs\tecmed\system\CodeIgniter.php(802): App\Controllers\CProfesional->insertar()
#3 C:\xampp\htdocs\tecmed\system\CodeIgniter.php(399): CodeIgniter\CodeIgniter->runController(Object(App\Controllers\CProfesional))
#4 C:\xampp\htdocs\tecmed\system\CodeIgniter.php(317): CodeIgniter\CodeIgniter->handleRequest(NULL, Object(Config\Cache), false)
#5 C:\xampp\htdocs\tecmed\public\index.php(37): CodeIgniter\CodeIgniter->run()
#6 {main}
CRITICAL - 2023-03-27 15:29:39 --> Undefined variable $usuario
#0 C:\xampp\htdocs\tecmed\app\Views\Profesional\editar.php(188): CodeIgniter\Debug\Exceptions->errorHandler(2, 'Undefined varia...', 'C:\\xampp\\htdocs...', 188)
#1 C:\xampp\htdocs\tecmed\system\View\View.php(214): include('C:\\xampp\\htdocs...')
#2 C:\xampp\htdocs\tecmed\system\View\View.php(217): CodeIgniter\View\View->CodeIgniter\View\{closure}()
#3 C:\xampp\htdocs\tecmed\system\Common.php(1092): CodeIgniter\View\View->render('profesional/edi...', Array, true)
#4 C:\xampp\htdocs\tecmed\app\Controllers\CProfesional.php(124): view('profesional/edi...', Array)
#5 C:\xampp\htdocs\tecmed\system\CodeIgniter.php(802): App\Controllers\CProfesional->editar('45')
#6 C:\xampp\htdocs\tecmed\system\CodeIgniter.php(399): CodeIgniter\CodeIgniter->runController(Object(App\Controllers\CProfesional))
#7 C:\xampp\htdocs\tecmed\system\CodeIgniter.php(317): CodeIgniter\CodeIgniter->handleRequest(NULL, Object(Config\Cache), false)
#8 C:\xampp\htdocs\tecmed\public\index.php(37): CodeIgniter\CodeIgniter->run()
#9 {main}
CRITICAL - 2023-03-27 15:59:45 --> unlink(./assets/dist/img/usuario/): Is a directory
#0 [internal function]: CodeIgniter\Debug\Exceptions->errorHandler(2, 'unlink(./assets...', 'C:\\xampp\\htdocs...', 138)
#1 C:\xampp\htdocs\tecmed\app\Controllers\CProfesional.php(138): unlink('./assets/dist/i...')
#2 C:\xampp\htdocs\tecmed\system\CodeIgniter.php(802): App\Controllers\CProfesional->actualizar()
#3 C:\xampp\htdocs\tecmed\system\CodeIgniter.php(399): CodeIgniter\CodeIgniter->runController(Object(App\Controllers\CProfesional))
#4 C:\xampp\htdocs\tecmed\system\CodeIgniter.php(317): CodeIgniter\CodeIgniter->handleRequest(NULL, Object(Config\Cache), false)
#5 C:\xampp\htdocs\tecmed\public\index.php(37): CodeIgniter\CodeIgniter->run()
#6 {main}
CRITICAL - 2023-03-27 16:25:11 --> Invalid file: header.php
#0 C:\xampp\htdocs\tecmed\system\View\View.php(198): CodeIgniter\Exceptions\FrameworkException::forInvalidFile('header.php')
#1 C:\xampp\htdocs\tecmed\system\Common.php(1092): CodeIgniter\View\View->render('header', Array, true)
#2 C:\xampp\htdocs\tecmed\app\Controllers\CProfesional.php(127): view('header')
#3 C:\xampp\htdocs\tecmed\system\CodeIgniter.php(802): App\Controllers\CProfesional->insertar()
#4 C:\xampp\htdocs\tecmed\system\CodeIgniter.php(399): CodeIgniter\CodeIgniter->runController(Object(App\Controllers\CProfesional))
#5 C:\xampp\htdocs\tecmed\system\CodeIgniter.php(317): CodeIgniter\CodeIgniter->handleRequest(NULL, Object(Config\Cache), false)
#6 C:\xampp\htdocs\tecmed\public\index.php(37): CodeIgniter\CodeIgniter->run()
#7 {main}
CRITICAL - 2023-03-27 16:26:53 --> Invalid file: header.php
#0 C:\xampp\htdocs\tecmed\system\View\View.php(198): CodeIgniter\Exceptions\FrameworkException::forInvalidFile('header.php')
#1 C:\xampp\htdocs\tecmed\system\Common.php(1092): CodeIgniter\View\View->render('header', Array, true)
#2 C:\xampp\htdocs\tecmed\app\Controllers\CProfesional.php(127): view('header')
#3 C:\xampp\htdocs\tecmed\system\CodeIgniter.php(802): App\Controllers\CProfesional->insertar()
#4 C:\xampp\htdocs\tecmed\system\CodeIgniter.php(399): CodeIgniter\CodeIgniter->runController(Object(App\Controllers\CProfesional))
#5 C:\xampp\htdocs\tecmed\system\CodeIgniter.php(317): CodeIgniter\CodeIgniter->handleRequest(NULL, Object(Config\Cache), false)
#6 C:\xampp\htdocs\tecmed\public\index.php(37): CodeIgniter\CodeIgniter->run()
#7 {main}
CRITICAL - 2023-03-27 16:27:42 --> Invalid file: header.php
#0 C:\xampp\htdocs\tecmed\system\View\View.php(198): CodeIgniter\Exceptions\FrameworkException::forInvalidFile('header.php')
#1 C:\xampp\htdocs\tecmed\system\Common.php(1092): CodeIgniter\View\View->render('header', Array, true)
#2 C:\xampp\htdocs\tecmed\app\Controllers\CProfesional.php(127): view('header')
#3 C:\xampp\htdocs\tecmed\system\CodeIgniter.php(802): App\Controllers\CProfesional->insertar()
#4 C:\xampp\htdocs\tecmed\system\CodeIgniter.php(399): CodeIgniter\CodeIgniter->runController(Object(App\Controllers\CProfesional))
#5 C:\xampp\htdocs\tecmed\system\CodeIgniter.php(317): CodeIgniter\CodeIgniter->handleRequest(NULL, Object(Config\Cache), false)
#6 C:\xampp\htdocs\tecmed\public\index.php(37): CodeIgniter\CodeIgniter->run()
#7 {main}
CRITICAL - 2023-03-27 17:14:04 --> Trying to access array offset on value of type null
#0 C:\xampp\htdocs\tecmed\app\Views\Profesional\editar.php(21): CodeIgniter\Debug\Exceptions->errorHandler(2, 'Trying to acces...', 'C:\\xampp\\htdocs...', 21)
#1 C:\xampp\htdocs\tecmed\system\View\View.php(214): include('C:\\xampp\\htdocs...')
#2 C:\xampp\htdocs\tecmed\system\View\View.php(217): CodeIgniter\View\View->CodeIgniter\View\{closure}()
#3 C:\xampp\htdocs\tecmed\system\Common.php(1092): CodeIgniter\View\View->render('profesional/edi...', Array, true)
#4 C:\xampp\htdocs\tecmed\app\Controllers\CProfesional.php(201): view('profesional/edi...', Array)
#5 C:\xampp\htdocs\tecmed\system\CodeIgniter.php(802): App\Controllers\CProfesional->actualizar()
#6 C:\xampp\htdocs\tecmed\system\CodeIgniter.php(399): CodeIgniter\CodeIgniter->runController(Object(App\Controllers\CProfesional))
#7 C:\xampp\htdocs\tecmed\system\CodeIgniter.php(317): CodeIgniter\CodeIgniter->handleRequest(NULL, Object(Config\Cache), false)
#8 C:\xampp\htdocs\tecmed\public\index.php(37): CodeIgniter\CodeIgniter->run()
#9 {main}
ERROR - 2023-03-27 23:30:07 --> Table 'tecmed.id' doesn't exist
CRITICAL - 2023-03-27 23:30:07 --> Table 'tecmed.id' doesn't exist
#0 C:\xampp\htdocs\tecmed\system\Database\MySQLi\Connection.php(280): mysqli->query('SELECT *\nFROM `...')
#1 C:\xampp\htdocs\tecmed\system\Database\BaseConnection.php(663): CodeIgniter\Database\MySQLi\Connection->execute('SELECT *\nFROM `...')
#2 C:\xampp\htdocs\tecmed\system\Database\BaseConnection.php(591): CodeIgniter\Database\BaseConnection->simpleQuery('SELECT *\nFROM `...')
#3 C:\xampp\htdocs\tecmed\system\Database\BaseBuilder.php(1428): CodeIgniter\Database\BaseConnection->query('SELECT *\nFROM `...', Array, false)
#4 C:\xampp\htdocs\tecmed\system\Model.php(183): CodeIgniter\Database\BaseBuilder->get()
#5 C:\xampp\htdocs\tecmed\system\BaseModel.php(584): CodeIgniter\Model->doFindAll(0, 0)
#6 C:\xampp\htdocs\tecmed\app\Controllers\CSeminario.php(50): CodeIgniter\BaseModel->findAll()
#7 C:\xampp\htdocs\tecmed\system\CodeIgniter.php(802): App\Controllers\CSeminario->index()
#8 C:\xampp\htdocs\tecmed\system\CodeIgniter.php(399): CodeIgniter\CodeIgniter->runController(Object(App\Controllers\CSeminario))
#9 C:\xampp\htdocs\tecmed\system\CodeIgniter.php(317): CodeIgniter\CodeIgniter->handleRequest(NULL, Object(Config\Cache), false)
#10 C:\xampp\htdocs\tecmed\public\index.php(37): CodeIgniter\CodeIgniter->run()
#11 {main}
ERROR - 2023-03-27 23:31:17 --> Table 'tecmed.id' doesn't exist
CRITICAL - 2023-03-27 23:31:17 --> Table 'tecmed.id' doesn't exist
#0 C:\xampp\htdocs\tecmed\system\Database\MySQLi\Connection.php(280): mysqli->query('SELECT *\nFROM `...')
#1 C:\xampp\htdocs\tecmed\system\Database\BaseConnection.php(663): CodeIgniter\Database\MySQLi\Connection->execute('SELECT *\nFROM `...')
#2 C:\xampp\htdocs\tecmed\system\Database\BaseConnection.php(591): CodeIgniter\Database\BaseConnection->simpleQuery('SELECT *\nFROM `...')
#3 C:\xampp\htdocs\tecmed\system\Database\BaseBuilder.php(1428): CodeIgniter\Database\BaseConnection->query('SELECT *\nFROM `...', Array, false)
#4 C:\xampp\htdocs\tecmed\system\Model.php(183): CodeIgniter\Database\BaseBuilder->get()
#5 C:\xampp\htdocs\tecmed\system\BaseModel.php(584): CodeIgniter\Model->doFindAll(0, 0)
#6 C:\xampp\htdocs\tecmed\app\Controllers\CSeminario.php(50): CodeIgniter\BaseModel->findAll()
#7 C:\xampp\htdocs\tecmed\system\CodeIgniter.php(802): App\Controllers\CSeminario->index()
#8 C:\xampp\htdocs\tecmed\system\CodeIgniter.php(399): CodeIgniter\CodeIgniter->runController(Object(App\Controllers\CSeminario))
#9 C:\xampp\htdocs\tecmed\system\CodeIgniter.php(317): CodeIgniter\CodeIgniter->handleRequest(NULL, Object(Config\Cache), false)
#10 C:\xampp\htdocs\tecmed\public\index.php(37): CodeIgniter\CodeIgniter->run()
#11 {main}
ERROR - 2023-03-27 23:31:29 --> Table 'tecmed.id' doesn't exist
CRITICAL - 2023-03-27 23:31:29 --> Table 'tecmed.id' doesn't exist
#0 C:\xampp\htdocs\tecmed\system\Database\MySQLi\Connection.php(280): mysqli->query('SELECT *\nFROM `...')
#1 C:\xampp\htdocs\tecmed\system\Database\BaseConnection.php(663): CodeIgniter\Database\MySQLi\Connection->execute('SELECT *\nFROM `...')
#2 C:\xampp\htdocs\tecmed\system\Database\BaseConnection.php(591): CodeIgniter\Database\BaseConnection->simpleQuery('SELECT *\nFROM `...')
#3 C:\xampp\htdocs\tecmed\system\Database\BaseBuilder.php(1428): CodeIgniter\Database\BaseConnection->query('SELECT *\nFROM `...', Array, false)
#4 C:\xampp\htdocs\tecmed\system\Model.php(183): CodeIgniter\Database\BaseBuilder->get()
#5 C:\xampp\htdocs\tecmed\system\BaseModel.php(584): CodeIgniter\Model->doFindAll(0, 0)
#6 C:\xampp\htdocs\tecmed\app\Controllers\CSeminario.php(50): CodeIgniter\BaseModel->findAll()
#7 C:\xampp\htdocs\tecmed\system\CodeIgniter.php(802): App\Controllers\CSeminario->index()
#8 C:\xampp\htdocs\tecmed\system\CodeIgniter.php(399): CodeIgniter\CodeIgniter->runController(Object(App\Controllers\CSeminario))
#9 C:\xampp\htdocs\tecmed\system\CodeIgniter.php(317): CodeIgniter\CodeIgniter->handleRequest(NULL, Object(Config\Cache), false)
#10 C:\xampp\htdocs\tecmed\public\index.php(37): CodeIgniter\CodeIgniter->run()
#11 {main}
ERROR - 2023-03-27 23:31:48 --> Table 'tecmed.id' doesn't exist
CRITICAL - 2023-03-27 23:31:48 --> Table 'tecmed.id' doesn't exist
#0 C:\xampp\htdocs\tecmed\system\Database\MySQLi\Connection.php(280): mysqli->query('SELECT *\nFROM `...')
#1 C:\xampp\htdocs\tecmed\system\Database\BaseConnection.php(663): CodeIgniter\Database\MySQLi\Connection->execute('SELECT *\nFROM `...')
#2 C:\xampp\htdocs\tecmed\system\Database\BaseConnection.php(591): CodeIgniter\Database\BaseConnection->simpleQuery('SELECT *\nFROM `...')
#3 C:\xampp\htdocs\tecmed\system\Database\BaseBuilder.php(1428): CodeIgniter\Database\BaseConnection->query('SELECT *\nFROM `...', Array, false)
#4 C:\xampp\htdocs\tecmed\system\Model.php(183): CodeIgniter\Database\BaseBuilder->get()
#5 C:\xampp\htdocs\tecmed\system\BaseModel.php(584): CodeIgniter\Model->doFindAll(0, 0)
#6 C:\xampp\htdocs\tecmed\app\Controllers\CSeminario.php(50): CodeIgniter\BaseModel->findAll()
#7 C:\xampp\htdocs\tecmed\system\CodeIgniter.php(802): App\Controllers\CSeminario->index()
#8 C:\xampp\htdocs\tecmed\system\CodeIgniter.php(399): CodeIgniter\CodeIgniter->runController(Object(App\Controllers\CSeminario))
#9 C:\xampp\htdocs\tecmed\system\CodeIgniter.php(317): CodeIgniter\CodeIgniter->handleRequest(NULL, Object(Config\Cache), false)
#10 C:\xampp\htdocs\tecmed\public\index.php(37): CodeIgniter\CodeIgniter->run()
#11 {main}
