CRITICAL - 2023-04-02 00:14:01 --> file_put_contents(/path/to/cache/folder/example.pdf): Failed to open stream: No such file or directory
#0 [internal function]: CodeIgniter\Debug\Exceptions->errorHandler(2, 'file_put_conten...', 'C:\\xampp\\htdocs...', 474)
#1 C:\xampp\htdocs\tecmed\app\Controllers\CProfesional.php(474): file_put_contents('/path/to/cache/...', '%PDF-1.7\n1 0 ob...')
#2 C:\xampp\htdocs\tecmed\system\CodeIgniter.php(802): App\Controllers\CProfesional->generaCurriculum('39')
#3 C:\xampp\htdocs\tecmed\system\CodeIgniter.php(399): CodeIgniter\CodeIgniter->runController(Object(App\Controllers\CProfesional))
#4 C:\xampp\htdocs\tecmed\system\CodeIgniter.php(317): CodeIgniter\CodeIgniter->handleRequest(NULL, Object(Config\Cache), false)
#5 C:\xampp\htdocs\tecmed\public\index.php(37): CodeIgniter\CodeIgniter->run()
#6 {main}
CRITICAL - 2023-04-02 00:14:01 --> Uncaught CodeIgniter\Format\Exceptions\FormatException: Failed to parse json string, error: "Malformed UTF-8 characters, possibly incorrectly encoded". in C:\xampp\htdocs\tecmed\system\Format\JSONFormatter.php:41
Stack trace:
#0 C:\xampp\htdocs\tecmed\system\Format\JSONFormatter.php(41): CodeIgniter\Format\Exceptions\FormatException::forInvalidJSON('Malformed UTF-8...')
#1 C:\xampp\htdocs\tecmed\system\API\ResponseTrait.php(341): CodeIgniter\Format\JSONFormatter->format(Array)
#2 C:\xampp\htdocs\tecmed\system\API\ResponseTrait.php(99): CodeIgniter\Debug\Exceptions->format(Array)
#3 C:\xampp\htdocs\tecmed\system\Debug\Exceptions.php(126): CodeIgniter\Debug\Exceptions->respond(Array, 500)
#4 [internal function]: CodeIgniter\Debug\Exceptions->exceptionHandler(Object(ErrorException))
#5 {main}
  thrown
#0 [internal function]: CodeIgniter\Debug\Exceptions->shutdownHandler()
#1 {main}
CRITICAL - 2023-04-02 00:14:17 --> file_put_contents(/path/to/cache/folder/example.pdf): Failed to open stream: No such file or directory
#0 [internal function]: CodeIgniter\Debug\Exceptions->errorHandler(2, 'file_put_conten...', 'C:\\xampp\\htdocs...', 474)
#1 C:\xampp\htdocs\tecmed\app\Controllers\CProfesional.php(474): file_put_contents('/path/to/cache/...', '%PDF-1.7\n1 0 ob...')
#2 C:\xampp\htdocs\tecmed\system\CodeIgniter.php(802): App\Controllers\CProfesional->generaCurriculum('39')
#3 C:\xampp\htdocs\tecmed\system\CodeIgniter.php(399): CodeIgniter\CodeIgniter->runController(Object(App\Controllers\CProfesional))
#4 C:\xampp\htdocs\tecmed\system\CodeIgniter.php(317): CodeIgniter\CodeIgniter->handleRequest(NULL, Object(Config\Cache), false)
#5 C:\xampp\htdocs\tecmed\public\index.php(37): CodeIgniter\CodeIgniter->run()
#6 {main}
CRITICAL - 2023-04-02 03:27:21 --> Dompdf\Image\Cache::resolve_url(): Argument #5 ($dompdf) must be of type Dompdf\Dompdf, Dompdf\Options given, called in C:\xampp\htdocs\tecmed\vendor\dompdf\dompdf\src\FrameDecorator\Image.php on line 58
#0 C:\xampp\htdocs\tecmed\vendor\dompdf\dompdf\src\FrameDecorator\Image.php(58): Dompdf\Image\Cache::resolve_url('http://localhos...', '', '', '', Object(Dompdf\Options))
#1 C:\xampp\htdocs\tecmed\vendor\dompdf\dompdf\src\Frame\Factory.php(198): Dompdf\FrameDecorator\Image->__construct(Object(Dompdf\Frame), Object(Dompdf\Dompdf))
#2 C:\xampp\htdocs\tecmed\vendor\dompdf\dompdf\src\Dompdf.php(731): Dompdf\Frame\Factory::decorate_frame(Object(Dompdf\Frame), Object(Dompdf\Dompdf), Object(Dompdf\FrameDecorator\Page))
#3 C:\xampp\htdocs\tecmed\app\Controllers\CProfesional.php(444): Dompdf\Dompdf->render()
#4 C:\xampp\htdocs\tecmed\system\CodeIgniter.php(802): App\Controllers\CProfesional->generaCurriculum('39')
#5 C:\xampp\htdocs\tecmed\system\CodeIgniter.php(399): CodeIgniter\CodeIgniter->runController(Object(App\Controllers\CProfesional))
#6 C:\xampp\htdocs\tecmed\system\CodeIgniter.php(317): CodeIgniter\CodeIgniter->handleRequest(NULL, Object(Config\Cache), false)
#7 C:\xampp\htdocs\tecmed\public\index.php(37): CodeIgniter\CodeIgniter->run()
#8 {main}
CRITICAL - 2023-04-02 03:27:31 --> Dompdf\Image\Cache::resolve_url(): Argument #5 ($dompdf) must be of type Dompdf\Dompdf, Dompdf\Options given, called in C:\xampp\htdocs\tecmed\vendor\dompdf\dompdf\src\FrameDecorator\Image.php on line 58
#0 C:\xampp\htdocs\tecmed\vendor\dompdf\dompdf\src\FrameDecorator\Image.php(58): Dompdf\Image\Cache::resolve_url('http://localhos...', '', '', '', Object(Dompdf\Options))
#1 C:\xampp\htdocs\tecmed\vendor\dompdf\dompdf\src\Frame\Factory.php(198): Dompdf\FrameDecorator\Image->__construct(Object(Dompdf\Frame), Object(Dompdf\Dompdf))
#2 C:\xampp\htdocs\tecmed\vendor\dompdf\dompdf\src\Dompdf.php(731): Dompdf\Frame\Factory::decorate_frame(Object(Dompdf\Frame), Object(Dompdf\Dompdf), Object(Dompdf\FrameDecorator\Page))
#3 C:\xampp\htdocs\tecmed\app\Controllers\CProfesional.php(444): Dompdf\Dompdf->render()
#4 C:\xampp\htdocs\tecmed\system\CodeIgniter.php(802): App\Controllers\CProfesional->generaCurriculum('39')
#5 C:\xampp\htdocs\tecmed\system\CodeIgniter.php(399): CodeIgniter\CodeIgniter->runController(Object(App\Controllers\CProfesional))
#6 C:\xampp\htdocs\tecmed\system\CodeIgniter.php(317): CodeIgniter\CodeIgniter->handleRequest(NULL, Object(Config\Cache), false)
#7 C:\xampp\htdocs\tecmed\public\index.php(37): CodeIgniter\CodeIgniter->run()
#8 {main}
CRITICAL - 2023-04-02 03:27:37 --> Allowed memory size of 536870912 bytes exhausted (tried to allocate 262148096 bytes)
#0 [internal function]: CodeIgniter\Debug\Exceptions->shutdownHandler()
#1 {main}
CRITICAL - 2023-04-02 03:29:50 --> Dompdf\Image\Cache::resolve_url(): Argument #5 ($dompdf) must be of type Dompdf\Dompdf, Dompdf\Options given, called in C:\xampp\htdocs\tecmed\vendor\dompdf\dompdf\src\FrameDecorator\Image.php on line 58
#0 C:\xampp\htdocs\tecmed\vendor\dompdf\dompdf\src\FrameDecorator\Image.php(58): Dompdf\Image\Cache::resolve_url('http://localhos...', '', '', '', Object(Dompdf\Options))
#1 C:\xampp\htdocs\tecmed\vendor\dompdf\dompdf\src\Frame\Factory.php(198): Dompdf\FrameDecorator\Image->__construct(Object(Dompdf\Frame), Object(Dompdf\Dompdf))
#2 C:\xampp\htdocs\tecmed\vendor\dompdf\dompdf\src\Dompdf.php(731): Dompdf\Frame\Factory::decorate_frame(Object(Dompdf\Frame), Object(Dompdf\Dompdf), Object(Dompdf\FrameDecorator\Page))
#3 C:\xampp\htdocs\tecmed\app\Controllers\CProfesional.php(444): Dompdf\Dompdf->render()
#4 C:\xampp\htdocs\tecmed\system\CodeIgniter.php(802): App\Controllers\CProfesional->generaCurriculum('39')
#5 C:\xampp\htdocs\tecmed\system\CodeIgniter.php(399): CodeIgniter\CodeIgniter->runController(Object(App\Controllers\CProfesional))
#6 C:\xampp\htdocs\tecmed\system\CodeIgniter.php(317): CodeIgniter\CodeIgniter->handleRequest(NULL, Object(Config\Cache), false)
#7 C:\xampp\htdocs\tecmed\public\index.php(37): CodeIgniter\CodeIgniter->run()
#8 {main}
CRITICAL - 2023-04-02 03:29:56 --> Allowed memory size of 536870912 bytes exhausted (tried to allocate 262148096 bytes)
#0 [internal function]: CodeIgniter\Debug\Exceptions->shutdownHandler()
#1 {main}
CRITICAL - 2023-04-02 03:33:17 --> Trying to access array offset on value of type null
#0 C:\xampp\htdocs\tecmed\vendor\dompdf\dompdf\lib\Cpdf.php(3836): CodeIgniter\Debug\Exceptions->errorHandler(2, 'Trying to acces...', 'C:\\xampp\\htdocs...', 3836)
#1 C:\xampp\htdocs\tecmed\vendor\phenx\php-svg-lib\src\Svg\Surface\SurfaceCpdf.php(402): Dompdf\Cpdf->setFillTransparency('Normal', 0)
#2 C:\xampp\htdocs\tecmed\vendor\phenx\php-svg-lib\src\Svg\Tag\Shape.php(24): Svg\Surface\SurfaceCpdf->setStyle(Object(Svg\Style))
#3 C:\xampp\htdocs\tecmed\vendor\phenx\php-svg-lib\src\Svg\Tag\AbstractTag.php(63): Svg\Tag\Shape->before(Array)
#4 C:\xampp\htdocs\tecmed\vendor\phenx\php-svg-lib\src\Svg\Document.php(357): Svg\Tag\AbstractTag->handle(Array)
#5 [internal function]: Svg\Document->_tagStart(Object(XMLParser), 'line', Array)
#6 C:\xampp\htdocs\tecmed\vendor\phenx\php-svg-lib\src\Svg\Document.php(225): xml_parse(Object(XMLParser), '<?xml version="...', false)
#7 C:\xampp\htdocs\tecmed\vendor\dompdf\dompdf\lib\Cpdf.php(5872): Svg\Document->render(Object(Svg\Surface\SurfaceCpdf))
#8 C:\xampp\htdocs\tecmed\vendor\dompdf\dompdf\src\Adapter\CPDF.php(878): Dompdf\Cpdf->addSvgFromFile('C:\\xampp\\htdocs...', 58.942913385827, 526.89622947132, 127.5, 127.5)
#9 C:\xampp\htdocs\tecmed\vendor\dompdf\dompdf\src\Renderer\Image.php(114): Dompdf\Adapter\CPDF->image('C:\\xampp\\htdocs...', 58.942913385827, 137.60377052868, 127.5, 127.5, 'normal')
#10 C:\xampp\htdocs\tecmed\vendor\dompdf\dompdf\src\Renderer.php(293): Dompdf\Renderer\Image->render(Object(Dompdf\FrameDecorator\Image))
#11 C:\xampp\htdocs\tecmed\vendor\dompdf\dompdf\src\Renderer.php(127): Dompdf\Renderer->_render_frame('image', Object(Dompdf\FrameDecorator\Image))
#12 C:\xampp\htdocs\tecmed\vendor\dompdf\dompdf\src\Renderer.php(194): Dompdf\Renderer->render(Object(Dompdf\FrameDecorator\Image))
#13 C:\xampp\htdocs\tecmed\vendor\dompdf\dompdf\src\Renderer.php(194): Dompdf\Renderer->render(Object(Dompdf\FrameDecorator\TableCell))
#14 C:\xampp\htdocs\tecmed\vendor\dompdf\dompdf\src\Renderer.php(194): Dompdf\Renderer->render(Object(Dompdf\FrameDecorator\TableRow))
#15 C:\xampp\htdocs\tecmed\vendor\dompdf\dompdf\src\Renderer.php(194): Dompdf\Renderer->render(Object(Dompdf\FrameDecorator\TableRowGroup))
#16 C:\xampp\htdocs\tecmed\vendor\dompdf\dompdf\src\Renderer.php(194): Dompdf\Renderer->render(Object(Dompdf\FrameDecorator\Table))
#17 C:\xampp\htdocs\tecmed\vendor\dompdf\dompdf\src\FrameReflower\Page.php(148): Dompdf\Renderer->render(Object(Dompdf\FrameDecorator\Block))
#18 C:\xampp\htdocs\tecmed\vendor\dompdf\dompdf\src\FrameDecorator\AbstractFrameDecorator.php(895): Dompdf\FrameReflower\Page->reflow(NULL)
#19 C:\xampp\htdocs\tecmed\vendor\dompdf\dompdf\src\Dompdf.php(838): Dompdf\FrameDecorator\AbstractFrameDecorator->reflow()
#20 C:\xampp\htdocs\tecmed\app\Controllers\CProfesional.php(444): Dompdf\Dompdf->render()
#21 C:\xampp\htdocs\tecmed\system\CodeIgniter.php(802): App\Controllers\CProfesional->generaCurriculum('39')
#22 C:\xampp\htdocs\tecmed\system\CodeIgniter.php(399): CodeIgniter\CodeIgniter->runController(Object(App\Controllers\CProfesional))
#23 C:\xampp\htdocs\tecmed\system\CodeIgniter.php(317): CodeIgniter\CodeIgniter->handleRequest(NULL, Object(Config\Cache), false)
#24 C:\xampp\htdocs\tecmed\public\index.php(37): CodeIgniter\CodeIgniter->run()
#25 {main}
CRITICAL - 2023-04-02 03:33:23 --> Allowed memory size of 536870912 bytes exhausted (tried to allocate 260050944 bytes)
#0 [internal function]: CodeIgniter\Debug\Exceptions->shutdownHandler()
#1 {main}
CRITICAL - 2023-04-02 03:35:31 --> Trying to access array offset on value of type null
#0 C:\xampp\htdocs\tecmed\vendor\dompdf\dompdf\lib\Cpdf.php(3836): CodeIgniter\Debug\Exceptions->errorHandler(2, 'Trying to acces...', 'C:\\xampp\\htdocs...', 3836)
#1 C:\xampp\htdocs\tecmed\vendor\phenx\php-svg-lib\src\Svg\Surface\SurfaceCpdf.php(402): Dompdf\Cpdf->setFillTransparency('Normal', 0)
#2 C:\xampp\htdocs\tecmed\vendor\phenx\php-svg-lib\src\Svg\Tag\Shape.php(24): Svg\Surface\SurfaceCpdf->setStyle(Object(Svg\Style))
#3 C:\xampp\htdocs\tecmed\vendor\phenx\php-svg-lib\src\Svg\Tag\AbstractTag.php(63): Svg\Tag\Shape->before(Array)
#4 C:\xampp\htdocs\tecmed\vendor\phenx\php-svg-lib\src\Svg\Document.php(357): Svg\Tag\AbstractTag->handle(Array)
#5 [internal function]: Svg\Document->_tagStart(Object(XMLParser), 'line', Array)
#6 C:\xampp\htdocs\tecmed\vendor\phenx\php-svg-lib\src\Svg\Document.php(225): xml_parse(Object(XMLParser), '<?xml version="...', false)
#7 C:\xampp\htdocs\tecmed\vendor\dompdf\dompdf\lib\Cpdf.php(5872): Svg\Document->render(Object(Svg\Surface\SurfaceCpdf))
#8 C:\xampp\htdocs\tecmed\vendor\dompdf\dompdf\src\Adapter\CPDF.php(878): Dompdf\Cpdf->addSvgFromFile('C:\\xampp\\htdocs...', 58.942913385827, 526.89622947132, 127.5, 127.5)
#9 C:\xampp\htdocs\tecmed\vendor\dompdf\dompdf\src\Renderer\Image.php(114): Dompdf\Adapter\CPDF->image('C:\\xampp\\htdocs...', 58.942913385827, 137.60377052868, 127.5, 127.5, 'normal')
#10 C:\xampp\htdocs\tecmed\vendor\dompdf\dompdf\src\Renderer.php(293): Dompdf\Renderer\Image->render(Object(Dompdf\FrameDecorator\Image))
#11 C:\xampp\htdocs\tecmed\vendor\dompdf\dompdf\src\Renderer.php(127): Dompdf\Renderer->_render_frame('image', Object(Dompdf\FrameDecorator\Image))
#12 C:\xampp\htdocs\tecmed\vendor\dompdf\dompdf\src\Renderer.php(194): Dompdf\Renderer->render(Object(Dompdf\FrameDecorator\Image))
#13 C:\xampp\htdocs\tecmed\vendor\dompdf\dompdf\src\Renderer.php(194): Dompdf\Renderer->render(Object(Dompdf\FrameDecorator\TableCell))
#14 C:\xampp\htdocs\tecmed\vendor\dompdf\dompdf\src\Renderer.php(194): Dompdf\Renderer->render(Object(Dompdf\FrameDecorator\TableRow))
#15 C:\xampp\htdocs\tecmed\vendor\dompdf\dompdf\src\Renderer.php(194): Dompdf\Renderer->render(Object(Dompdf\FrameDecorator\TableRowGroup))
#16 C:\xampp\htdocs\tecmed\vendor\dompdf\dompdf\src\Renderer.php(194): Dompdf\Renderer->render(Object(Dompdf\FrameDecorator\Table))
#17 C:\xampp\htdocs\tecmed\vendor\dompdf\dompdf\src\FrameReflower\Page.php(148): Dompdf\Renderer->render(Object(Dompdf\FrameDecorator\Block))
#18 C:\xampp\htdocs\tecmed\vendor\dompdf\dompdf\src\FrameDecorator\AbstractFrameDecorator.php(895): Dompdf\FrameReflower\Page->reflow(NULL)
#19 C:\xampp\htdocs\tecmed\vendor\dompdf\dompdf\src\Dompdf.php(838): Dompdf\FrameDecorator\AbstractFrameDecorator->reflow()
#20 C:\xampp\htdocs\tecmed\app\Controllers\CProfesional.php(444): Dompdf\Dompdf->render()
#21 C:\xampp\htdocs\tecmed\system\CodeIgniter.php(802): App\Controllers\CProfesional->generaCurriculum('39')
#22 C:\xampp\htdocs\tecmed\system\CodeIgniter.php(399): CodeIgniter\CodeIgniter->runController(Object(App\Controllers\CProfesional))
#23 C:\xampp\htdocs\tecmed\system\CodeIgniter.php(317): CodeIgniter\CodeIgniter->handleRequest(NULL, Object(Config\Cache), false)
#24 C:\xampp\htdocs\tecmed\public\index.php(37): CodeIgniter\CodeIgniter->run()
#25 {main}
CRITICAL - 2023-04-02 03:35:34 --> Trying to access array offset on value of type null
#0 C:\xampp\htdocs\tecmed\vendor\dompdf\dompdf\lib\Cpdf.php(3836): CodeIgniter\Debug\Exceptions->errorHandler(2, 'Trying to acces...', 'C:\\xampp\\htdocs...', 3836)
#1 C:\xampp\htdocs\tecmed\vendor\phenx\php-svg-lib\src\Svg\Surface\SurfaceCpdf.php(402): Dompdf\Cpdf->setFillTransparency('Normal', 0)
#2 C:\xampp\htdocs\tecmed\vendor\phenx\php-svg-lib\src\Svg\Tag\Shape.php(24): Svg\Surface\SurfaceCpdf->setStyle(Object(Svg\Style))
#3 C:\xampp\htdocs\tecmed\vendor\phenx\php-svg-lib\src\Svg\Tag\AbstractTag.php(63): Svg\Tag\Shape->before(Array)
#4 C:\xampp\htdocs\tecmed\vendor\phenx\php-svg-lib\src\Svg\Document.php(357): Svg\Tag\AbstractTag->handle(Array)
#5 [internal function]: Svg\Document->_tagStart(Object(XMLParser), 'line', Array)
#6 C:\xampp\htdocs\tecmed\vendor\phenx\php-svg-lib\src\Svg\Document.php(225): xml_parse(Object(XMLParser), '<?xml version="...', false)
#7 C:\xampp\htdocs\tecmed\vendor\dompdf\dompdf\lib\Cpdf.php(5872): Svg\Document->render(Object(Svg\Surface\SurfaceCpdf))
#8 C:\xampp\htdocs\tecmed\vendor\dompdf\dompdf\src\Adapter\CPDF.php(878): Dompdf\Cpdf->addSvgFromFile('C:\\xampp\\htdocs...', 58.942913385827, 526.89622947132, 127.5, 127.5)
#9 C:\xampp\htdocs\tecmed\vendor\dompdf\dompdf\src\Renderer\Image.php(114): Dompdf\Adapter\CPDF->image('C:\\xampp\\htdocs...', 58.942913385827, 137.60377052868, 127.5, 127.5, 'normal')
#10 C:\xampp\htdocs\tecmed\vendor\dompdf\dompdf\src\Renderer.php(293): Dompdf\Renderer\Image->render(Object(Dompdf\FrameDecorator\Image))
#11 C:\xampp\htdocs\tecmed\vendor\dompdf\dompdf\src\Renderer.php(127): Dompdf\Renderer->_render_frame('image', Object(Dompdf\FrameDecorator\Image))
#12 C:\xampp\htdocs\tecmed\vendor\dompdf\dompdf\src\Renderer.php(194): Dompdf\Renderer->render(Object(Dompdf\FrameDecorator\Image))
#13 C:\xampp\htdocs\tecmed\vendor\dompdf\dompdf\src\Renderer.php(194): Dompdf\Renderer->render(Object(Dompdf\FrameDecorator\TableCell))
#14 C:\xampp\htdocs\tecmed\vendor\dompdf\dompdf\src\Renderer.php(194): Dompdf\Renderer->render(Object(Dompdf\FrameDecorator\TableRow))
#15 C:\xampp\htdocs\tecmed\vendor\dompdf\dompdf\src\Renderer.php(194): Dompdf\Renderer->render(Object(Dompdf\FrameDecorator\TableRowGroup))
#16 C:\xampp\htdocs\tecmed\vendor\dompdf\dompdf\src\Renderer.php(194): Dompdf\Renderer->render(Object(Dompdf\FrameDecorator\Table))
#17 C:\xampp\htdocs\tecmed\vendor\dompdf\dompdf\src\FrameReflower\Page.php(148): Dompdf\Renderer->render(Object(Dompdf\FrameDecorator\Block))
#18 C:\xampp\htdocs\tecmed\vendor\dompdf\dompdf\src\FrameDecorator\AbstractFrameDecorator.php(895): Dompdf\FrameReflower\Page->reflow(NULL)
#19 C:\xampp\htdocs\tecmed\vendor\dompdf\dompdf\src\Dompdf.php(838): Dompdf\FrameDecorator\AbstractFrameDecorator->reflow()
#20 C:\xampp\htdocs\tecmed\app\Controllers\CProfesional.php(444): Dompdf\Dompdf->render()
#21 C:\xampp\htdocs\tecmed\system\CodeIgniter.php(802): App\Controllers\CProfesional->generaCurriculum('39')
#22 C:\xampp\htdocs\tecmed\system\CodeIgniter.php(399): CodeIgniter\CodeIgniter->runController(Object(App\Controllers\CProfesional))
#23 C:\xampp\htdocs\tecmed\system\CodeIgniter.php(317): CodeIgniter\CodeIgniter->handleRequest(NULL, Object(Config\Cache), false)
#24 C:\xampp\htdocs\tecmed\public\index.php(37): CodeIgniter\CodeIgniter->run()
#25 {main}
CRITICAL - 2023-04-02 03:35:37 --> Trying to access array offset on value of type null
#0 C:\xampp\htdocs\tecmed\vendor\dompdf\dompdf\lib\Cpdf.php(3836): CodeIgniter\Debug\Exceptions->errorHandler(2, 'Trying to acces...', 'C:\\xampp\\htdocs...', 3836)
#1 C:\xampp\htdocs\tecmed\vendor\phenx\php-svg-lib\src\Svg\Surface\SurfaceCpdf.php(402): Dompdf\Cpdf->setFillTransparency('Normal', 0)
#2 C:\xampp\htdocs\tecmed\vendor\phenx\php-svg-lib\src\Svg\Tag\Shape.php(24): Svg\Surface\SurfaceCpdf->setStyle(Object(Svg\Style))
#3 C:\xampp\htdocs\tecmed\vendor\phenx\php-svg-lib\src\Svg\Tag\AbstractTag.php(63): Svg\Tag\Shape->before(Array)
#4 C:\xampp\htdocs\tecmed\vendor\phenx\php-svg-lib\src\Svg\Document.php(357): Svg\Tag\AbstractTag->handle(Array)
#5 [internal function]: Svg\Document->_tagStart(Object(XMLParser), 'line', Array)
#6 C:\xampp\htdocs\tecmed\vendor\phenx\php-svg-lib\src\Svg\Document.php(225): xml_parse(Object(XMLParser), '<?xml version="...', false)
#7 C:\xampp\htdocs\tecmed\vendor\dompdf\dompdf\lib\Cpdf.php(5872): Svg\Document->render(Object(Svg\Surface\SurfaceCpdf))
#8 C:\xampp\htdocs\tecmed\vendor\dompdf\dompdf\src\Adapter\CPDF.php(878): Dompdf\Cpdf->addSvgFromFile('C:\\xampp\\htdocs...', 58.942913385827, 526.89622947132, 127.5, 127.5)
#9 C:\xampp\htdocs\tecmed\vendor\dompdf\dompdf\src\Renderer\Image.php(114): Dompdf\Adapter\CPDF->image('C:\\xampp\\htdocs...', 58.942913385827, 137.60377052868, 127.5, 127.5, 'normal')
#10 C:\xampp\htdocs\tecmed\vendor\dompdf\dompdf\src\Renderer.php(293): Dompdf\Renderer\Image->render(Object(Dompdf\FrameDecorator\Image))
#11 C:\xampp\htdocs\tecmed\vendor\dompdf\dompdf\src\Renderer.php(127): Dompdf\Renderer->_render_frame('image', Object(Dompdf\FrameDecorator\Image))
#12 C:\xampp\htdocs\tecmed\vendor\dompdf\dompdf\src\Renderer.php(194): Dompdf\Renderer->render(Object(Dompdf\FrameDecorator\Image))
#13 C:\xampp\htdocs\tecmed\vendor\dompdf\dompdf\src\Renderer.php(194): Dompdf\Renderer->render(Object(Dompdf\FrameDecorator\TableCell))
#14 C:\xampp\htdocs\tecmed\vendor\dompdf\dompdf\src\Renderer.php(194): Dompdf\Renderer->render(Object(Dompdf\FrameDecorator\TableRow))
#15 C:\xampp\htdocs\tecmed\vendor\dompdf\dompdf\src\Renderer.php(194): Dompdf\Renderer->render(Object(Dompdf\FrameDecorator\TableRowGroup))
#16 C:\xampp\htdocs\tecmed\vendor\dompdf\dompdf\src\Renderer.php(194): Dompdf\Renderer->render(Object(Dompdf\FrameDecorator\Table))
#17 C:\xampp\htdocs\tecmed\vendor\dompdf\dompdf\src\FrameReflower\Page.php(148): Dompdf\Renderer->render(Object(Dompdf\FrameDecorator\Block))
#18 C:\xampp\htdocs\tecmed\vendor\dompdf\dompdf\src\FrameDecorator\AbstractFrameDecorator.php(895): Dompdf\FrameReflower\Page->reflow(NULL)
#19 C:\xampp\htdocs\tecmed\vendor\dompdf\dompdf\src\Dompdf.php(838): Dompdf\FrameDecorator\AbstractFrameDecorator->reflow()
#20 C:\xampp\htdocs\tecmed\app\Controllers\CProfesional.php(444): Dompdf\Dompdf->render()
#21 C:\xampp\htdocs\tecmed\system\CodeIgniter.php(802): App\Controllers\CProfesional->generaCurriculum('39')
#22 C:\xampp\htdocs\tecmed\system\CodeIgniter.php(399): CodeIgniter\CodeIgniter->runController(Object(App\Controllers\CProfesional))
#23 C:\xampp\htdocs\tecmed\system\CodeIgniter.php(317): CodeIgniter\CodeIgniter->handleRequest(NULL, Object(Config\Cache), false)
#24 C:\xampp\htdocs\tecmed\public\index.php(37): CodeIgniter\CodeIgniter->run()
#25 {main}
CRITICAL - 2023-04-02 03:35:47 --> Trying to access array offset on value of type null
#0 C:\xampp\htdocs\tecmed\vendor\dompdf\dompdf\lib\Cpdf.php(3836): CodeIgniter\Debug\Exceptions->errorHandler(2, 'Trying to acces...', 'C:\\xampp\\htdocs...', 3836)
#1 C:\xampp\htdocs\tecmed\vendor\phenx\php-svg-lib\src\Svg\Surface\SurfaceCpdf.php(402): Dompdf\Cpdf->setFillTransparency('Normal', 0)
#2 C:\xampp\htdocs\tecmed\vendor\phenx\php-svg-lib\src\Svg\Tag\Shape.php(24): Svg\Surface\SurfaceCpdf->setStyle(Object(Svg\Style))
#3 C:\xampp\htdocs\tecmed\vendor\phenx\php-svg-lib\src\Svg\Tag\AbstractTag.php(63): Svg\Tag\Shape->before(Array)
#4 C:\xampp\htdocs\tecmed\vendor\phenx\php-svg-lib\src\Svg\Document.php(357): Svg\Tag\AbstractTag->handle(Array)
#5 [internal function]: Svg\Document->_tagStart(Object(XMLParser), 'line', Array)
#6 C:\xampp\htdocs\tecmed\vendor\phenx\php-svg-lib\src\Svg\Document.php(225): xml_parse(Object(XMLParser), '<?xml version="...', false)
#7 C:\xampp\htdocs\tecmed\vendor\dompdf\dompdf\lib\Cpdf.php(5872): Svg\Document->render(Object(Svg\Surface\SurfaceCpdf))
#8 C:\xampp\htdocs\tecmed\vendor\dompdf\dompdf\src\Adapter\CPDF.php(878): Dompdf\Cpdf->addSvgFromFile('C:\\xampp\\htdocs...', 58.942913385827, 526.89622947132, 127.5, 127.5)
#9 C:\xampp\htdocs\tecmed\vendor\dompdf\dompdf\src\Renderer\Image.php(114): Dompdf\Adapter\CPDF->image('C:\\xampp\\htdocs...', 58.942913385827, 137.60377052868, 127.5, 127.5, 'normal')
#10 C:\xampp\htdocs\tecmed\vendor\dompdf\dompdf\src\Renderer.php(293): Dompdf\Renderer\Image->render(Object(Dompdf\FrameDecorator\Image))
#11 C:\xampp\htdocs\tecmed\vendor\dompdf\dompdf\src\Renderer.php(127): Dompdf\Renderer->_render_frame('image', Object(Dompdf\FrameDecorator\Image))
#12 C:\xampp\htdocs\tecmed\vendor\dompdf\dompdf\src\Renderer.php(194): Dompdf\Renderer->render(Object(Dompdf\FrameDecorator\Image))
#13 C:\xampp\htdocs\tecmed\vendor\dompdf\dompdf\src\Renderer.php(194): Dompdf\Renderer->render(Object(Dompdf\FrameDecorator\TableCell))
#14 C:\xampp\htdocs\tecmed\vendor\dompdf\dompdf\src\Renderer.php(194): Dompdf\Renderer->render(Object(Dompdf\FrameDecorator\TableRow))
#15 C:\xampp\htdocs\tecmed\vendor\dompdf\dompdf\src\Renderer.php(194): Dompdf\Renderer->render(Object(Dompdf\FrameDecorator\TableRowGroup))
#16 C:\xampp\htdocs\tecmed\vendor\dompdf\dompdf\src\Renderer.php(194): Dompdf\Renderer->render(Object(Dompdf\FrameDecorator\Table))
#17 C:\xampp\htdocs\tecmed\vendor\dompdf\dompdf\src\FrameReflower\Page.php(148): Dompdf\Renderer->render(Object(Dompdf\FrameDecorator\Block))
#18 C:\xampp\htdocs\tecmed\vendor\dompdf\dompdf\src\FrameDecorator\AbstractFrameDecorator.php(895): Dompdf\FrameReflower\Page->reflow(NULL)
#19 C:\xampp\htdocs\tecmed\vendor\dompdf\dompdf\src\Dompdf.php(838): Dompdf\FrameDecorator\AbstractFrameDecorator->reflow()
#20 C:\xampp\htdocs\tecmed\app\Controllers\CProfesional.php(444): Dompdf\Dompdf->render()
#21 C:\xampp\htdocs\tecmed\system\CodeIgniter.php(802): App\Controllers\CProfesional->generaCurriculum('39')
#22 C:\xampp\htdocs\tecmed\system\CodeIgniter.php(399): CodeIgniter\CodeIgniter->runController(Object(App\Controllers\CProfesional))
#23 C:\xampp\htdocs\tecmed\system\CodeIgniter.php(317): CodeIgniter\CodeIgniter->handleRequest(NULL, Object(Config\Cache), false)
#24 C:\xampp\htdocs\tecmed\public\index.php(37): CodeIgniter\CodeIgniter->run()
#25 {main}
CRITICAL - 2023-04-02 03:36:10 --> Trying to access array offset on value of type null
#0 C:\xampp\htdocs\tecmed\vendor\dompdf\dompdf\lib\Cpdf.php(3836): CodeIgniter\Debug\Exceptions->errorHandler(2, 'Trying to acces...', 'C:\\xampp\\htdocs...', 3836)
#1 C:\xampp\htdocs\tecmed\vendor\phenx\php-svg-lib\src\Svg\Surface\SurfaceCpdf.php(402): Dompdf\Cpdf->setFillTransparency('Normal', 0)
#2 C:\xampp\htdocs\tecmed\vendor\phenx\php-svg-lib\src\Svg\Tag\Shape.php(24): Svg\Surface\SurfaceCpdf->setStyle(Object(Svg\Style))
#3 C:\xampp\htdocs\tecmed\vendor\phenx\php-svg-lib\src\Svg\Tag\AbstractTag.php(63): Svg\Tag\Shape->before(Array)
#4 C:\xampp\htdocs\tecmed\vendor\phenx\php-svg-lib\src\Svg\Document.php(357): Svg\Tag\AbstractTag->handle(Array)
#5 [internal function]: Svg\Document->_tagStart(Object(XMLParser), 'line', Array)
#6 C:\xampp\htdocs\tecmed\vendor\phenx\php-svg-lib\src\Svg\Document.php(225): xml_parse(Object(XMLParser), '<?xml version="...', false)
#7 C:\xampp\htdocs\tecmed\vendor\dompdf\dompdf\lib\Cpdf.php(5872): Svg\Document->render(Object(Svg\Surface\SurfaceCpdf))
#8 C:\xampp\htdocs\tecmed\vendor\dompdf\dompdf\src\Adapter\CPDF.php(878): Dompdf\Cpdf->addSvgFromFile('C:\\xampp\\htdocs...', 58.942913385827, 526.89622947132, 127.5, 127.5)
#9 C:\xampp\htdocs\tecmed\vendor\dompdf\dompdf\src\Renderer\Image.php(114): Dompdf\Adapter\CPDF->image('C:\\xampp\\htdocs...', 58.942913385827, 137.60377052868, 127.5, 127.5, 'normal')
#10 C:\xampp\htdocs\tecmed\vendor\dompdf\dompdf\src\Renderer.php(293): Dompdf\Renderer\Image->render(Object(Dompdf\FrameDecorator\Image))
#11 C:\xampp\htdocs\tecmed\vendor\dompdf\dompdf\src\Renderer.php(127): Dompdf\Renderer->_render_frame('image', Object(Dompdf\FrameDecorator\Image))
#12 C:\xampp\htdocs\tecmed\vendor\dompdf\dompdf\src\Renderer.php(194): Dompdf\Renderer->render(Object(Dompdf\FrameDecorator\Image))
#13 C:\xampp\htdocs\tecmed\vendor\dompdf\dompdf\src\Renderer.php(194): Dompdf\Renderer->render(Object(Dompdf\FrameDecorator\TableCell))
#14 C:\xampp\htdocs\tecmed\vendor\dompdf\dompdf\src\Renderer.php(194): Dompdf\Renderer->render(Object(Dompdf\FrameDecorator\TableRow))
#15 C:\xampp\htdocs\tecmed\vendor\dompdf\dompdf\src\Renderer.php(194): Dompdf\Renderer->render(Object(Dompdf\FrameDecorator\TableRowGroup))
#16 C:\xampp\htdocs\tecmed\vendor\dompdf\dompdf\src\Renderer.php(194): Dompdf\Renderer->render(Object(Dompdf\FrameDecorator\Table))
#17 C:\xampp\htdocs\tecmed\vendor\dompdf\dompdf\src\FrameReflower\Page.php(148): Dompdf\Renderer->render(Object(Dompdf\FrameDecorator\Block))
#18 C:\xampp\htdocs\tecmed\vendor\dompdf\dompdf\src\FrameDecorator\AbstractFrameDecorator.php(895): Dompdf\FrameReflower\Page->reflow(NULL)
#19 C:\xampp\htdocs\tecmed\vendor\dompdf\dompdf\src\Dompdf.php(838): Dompdf\FrameDecorator\AbstractFrameDecorator->reflow()
#20 C:\xampp\htdocs\tecmed\app\Controllers\CProfesional.php(444): Dompdf\Dompdf->render()
#21 C:\xampp\htdocs\tecmed\system\CodeIgniter.php(802): App\Controllers\CProfesional->generaCurriculum('39')
#22 C:\xampp\htdocs\tecmed\system\CodeIgniter.php(399): CodeIgniter\CodeIgniter->runController(Object(App\Controllers\CProfesional))
#23 C:\xampp\htdocs\tecmed\system\CodeIgniter.php(317): CodeIgniter\CodeIgniter->handleRequest(NULL, Object(Config\Cache), false)
#24 C:\xampp\htdocs\tecmed\public\index.php(37): CodeIgniter\CodeIgniter->run()
#25 {main}
CRITICAL - 2023-04-02 03:36:17 --> Allowed memory size of 536870912 bytes exhausted (tried to allocate 260050944 bytes)
#0 [internal function]: CodeIgniter\Debug\Exceptions->shutdownHandler()
#1 {main}
CRITICAL - 2023-04-02 03:36:32 --> Trying to access array offset on value of type null
#0 C:\xampp\htdocs\tecmed\vendor\dompdf\dompdf\lib\Cpdf.php(3836): CodeIgniter\Debug\Exceptions->errorHandler(2, 'Trying to acces...', 'C:\\xampp\\htdocs...', 3836)
#1 C:\xampp\htdocs\tecmed\vendor\phenx\php-svg-lib\src\Svg\Surface\SurfaceCpdf.php(402): Dompdf\Cpdf->setFillTransparency('Normal', 0)
#2 C:\xampp\htdocs\tecmed\vendor\phenx\php-svg-lib\src\Svg\Tag\Shape.php(24): Svg\Surface\SurfaceCpdf->setStyle(Object(Svg\Style))
#3 C:\xampp\htdocs\tecmed\vendor\phenx\php-svg-lib\src\Svg\Tag\AbstractTag.php(63): Svg\Tag\Shape->before(Array)
#4 C:\xampp\htdocs\tecmed\vendor\phenx\php-svg-lib\src\Svg\Document.php(357): Svg\Tag\AbstractTag->handle(Array)
#5 [internal function]: Svg\Document->_tagStart(Object(XMLParser), 'line', Array)
#6 C:\xampp\htdocs\tecmed\vendor\phenx\php-svg-lib\src\Svg\Document.php(225): xml_parse(Object(XMLParser), '<?xml version="...', false)
#7 C:\xampp\htdocs\tecmed\vendor\dompdf\dompdf\lib\Cpdf.php(5872): Svg\Document->render(Object(Svg\Surface\SurfaceCpdf))
#8 C:\xampp\htdocs\tecmed\vendor\dompdf\dompdf\src\Adapter\CPDF.php(878): Dompdf\Cpdf->addSvgFromFile('C:\\xampp\\htdocs...', 58.942913385827, 526.89622947132, 127.5, 127.5)
#9 C:\xampp\htdocs\tecmed\vendor\dompdf\dompdf\src\Renderer\Image.php(114): Dompdf\Adapter\CPDF->image('C:\\xampp\\htdocs...', 58.942913385827, 137.60377052868, 127.5, 127.5, 'normal')
#10 C:\xampp\htdocs\tecmed\vendor\dompdf\dompdf\src\Renderer.php(293): Dompdf\Renderer\Image->render(Object(Dompdf\FrameDecorator\Image))
#11 C:\xampp\htdocs\tecmed\vendor\dompdf\dompdf\src\Renderer.php(127): Dompdf\Renderer->_render_frame('image', Object(Dompdf\FrameDecorator\Image))
#12 C:\xampp\htdocs\tecmed\vendor\dompdf\dompdf\src\Renderer.php(194): Dompdf\Renderer->render(Object(Dompdf\FrameDecorator\Image))
#13 C:\xampp\htdocs\tecmed\vendor\dompdf\dompdf\src\Renderer.php(194): Dompdf\Renderer->render(Object(Dompdf\FrameDecorator\TableCell))
#14 C:\xampp\htdocs\tecmed\vendor\dompdf\dompdf\src\Renderer.php(194): Dompdf\Renderer->render(Object(Dompdf\FrameDecorator\TableRow))
#15 C:\xampp\htdocs\tecmed\vendor\dompdf\dompdf\src\Renderer.php(194): Dompdf\Renderer->render(Object(Dompdf\FrameDecorator\TableRowGroup))
#16 C:\xampp\htdocs\tecmed\vendor\dompdf\dompdf\src\Renderer.php(194): Dompdf\Renderer->render(Object(Dompdf\FrameDecorator\Table))
#17 C:\xampp\htdocs\tecmed\vendor\dompdf\dompdf\src\FrameReflower\Page.php(148): Dompdf\Renderer->render(Object(Dompdf\FrameDecorator\Block))
#18 C:\xampp\htdocs\tecmed\vendor\dompdf\dompdf\src\FrameDecorator\AbstractFrameDecorator.php(895): Dompdf\FrameReflower\Page->reflow(NULL)
#19 C:\xampp\htdocs\tecmed\vendor\dompdf\dompdf\src\Dompdf.php(838): Dompdf\FrameDecorator\AbstractFrameDecorator->reflow()
#20 C:\xampp\htdocs\tecmed\app\Controllers\CProfesional.php(444): Dompdf\Dompdf->render()
#21 C:\xampp\htdocs\tecmed\system\CodeIgniter.php(802): App\Controllers\CProfesional->generaCurriculum('39')
#22 C:\xampp\htdocs\tecmed\system\CodeIgniter.php(399): CodeIgniter\CodeIgniter->runController(Object(App\Controllers\CProfesional))
#23 C:\xampp\htdocs\tecmed\system\CodeIgniter.php(317): CodeIgniter\CodeIgniter->handleRequest(NULL, Object(Config\Cache), false)
#24 C:\xampp\htdocs\tecmed\public\index.php(37): CodeIgniter\CodeIgniter->run()
#25 {main}
CRITICAL - 2023-04-02 03:36:37 --> Allowed memory size of 536870912 bytes exhausted (tried to allocate 260050944 bytes)
#0 [internal function]: CodeIgniter\Debug\Exceptions->shutdownHandler()
#1 {main}
ERROR - 2023-04-02 11:43:02 --> Column 'id_profesional' cannot be null
CRITICAL - 2023-04-02 11:43:02 --> Column 'id_profesional' cannot be null
#0 C:\xampp\htdocs\tecmed\system\Database\MySQLi\Connection.php(280): mysqli->query('INSERT INTO `ex...')
#1 C:\xampp\htdocs\tecmed\system\Database\BaseConnection.php(663): CodeIgniter\Database\MySQLi\Connection->execute('INSERT INTO `ex...')
#2 C:\xampp\htdocs\tecmed\system\Database\BaseConnection.php(591): CodeIgniter\Database\BaseConnection->simpleQuery('INSERT INTO `ex...')
#3 C:\xampp\htdocs\tecmed\system\Database\BaseBuilder.php(1733): CodeIgniter\Database\BaseConnection->query('INSERT INTO `ex...', Array, false)
#4 C:\xampp\htdocs\tecmed\system\Model.php(239): CodeIgniter\Database\BaseBuilder->insert()
#5 C:\xampp\htdocs\tecmed\system\BaseModel.php(738): CodeIgniter\Model->doInsert(Array)
#6 C:\xampp\htdocs\tecmed\system\Model.php(620): CodeIgniter\BaseModel->insert(Array, false)
#7 C:\xampp\htdocs\tecmed\system\BaseModel.php(658): CodeIgniter\Model->insert(Array, false)
#8 C:\xampp\htdocs\tecmed\app\Controllers\CExpDocente.php(86): CodeIgniter\BaseModel->save(Array)
#9 C:\xampp\htdocs\tecmed\system\CodeIgniter.php(802): App\Controllers\CExpDocente->insertar()
#10 C:\xampp\htdocs\tecmed\system\CodeIgniter.php(399): CodeIgniter\CodeIgniter->runController(Object(App\Controllers\CExpDocente))
#11 C:\xampp\htdocs\tecmed\system\CodeIgniter.php(317): CodeIgniter\CodeIgniter->handleRequest(NULL, Object(Config\Cache), false)
#12 C:\xampp\htdocs\tecmed\public\index.php(37): CodeIgniter\CodeIgniter->run()
#13 {main}
CRITICAL - 2023-04-02 11:49:20 --> Trying to access array offset on value of type null
#0 C:\xampp\htdocs\tecmed\app\Views\seminario\editar.php(21): CodeIgniter\Debug\Exceptions->errorHandler(2, 'Trying to acces...', 'C:\\xampp\\htdocs...', 21)
#1 C:\xampp\htdocs\tecmed\system\View\View.php(214): include('C:\\xampp\\htdocs...')
#2 C:\xampp\htdocs\tecmed\system\View\View.php(217): CodeIgniter\View\View->CodeIgniter\View\{closure}()
#3 C:\xampp\htdocs\tecmed\system\Common.php(1092): CodeIgniter\View\View->render('seminario/edita...', Array, true)
#4 C:\xampp\htdocs\tecmed\app\Controllers\CSeminario.php(140): view('seminario/edita...', Array)
#5 C:\xampp\htdocs\tecmed\system\CodeIgniter.php(802): App\Controllers\CSeminario->editar('1')
#6 C:\xampp\htdocs\tecmed\system\CodeIgniter.php(399): CodeIgniter\CodeIgniter->runController(Object(App\Controllers\CSeminario))
#7 C:\xampp\htdocs\tecmed\system\CodeIgniter.php(317): CodeIgniter\CodeIgniter->handleRequest(NULL, Object(Config\Cache), false)
#8 C:\xampp\htdocs\tecmed\public\index.php(37): CodeIgniter\CodeIgniter->run()
#9 {main}
CRITICAL - 2023-04-02 11:50:06 --> Trying to access array offset on value of type null
#0 C:\xampp\htdocs\tecmed\app\Views\seminario\editar.php(21): CodeIgniter\Debug\Exceptions->errorHandler(2, 'Trying to acces...', 'C:\\xampp\\htdocs...', 21)
#1 C:\xampp\htdocs\tecmed\system\View\View.php(214): include('C:\\xampp\\htdocs...')
#2 C:\xampp\htdocs\tecmed\system\View\View.php(217): CodeIgniter\View\View->CodeIgniter\View\{closure}()
#3 C:\xampp\htdocs\tecmed\system\Common.php(1092): CodeIgniter\View\View->render('seminario/edita...', Array, true)
#4 C:\xampp\htdocs\tecmed\app\Controllers\CSeminario.php(140): view('seminario/edita...', Array)
#5 C:\xampp\htdocs\tecmed\system\CodeIgniter.php(802): App\Controllers\CSeminario->editar('1')
#6 C:\xampp\htdocs\tecmed\system\CodeIgniter.php(399): CodeIgniter\CodeIgniter->runController(Object(App\Controllers\CSeminario))
#7 C:\xampp\htdocs\tecmed\system\CodeIgniter.php(317): CodeIgniter\CodeIgniter->handleRequest(NULL, Object(Config\Cache), false)
#8 C:\xampp\htdocs\tecmed\public\index.php(37): CodeIgniter\CodeIgniter->run()
#9 {main}
CRITICAL - 2023-04-02 13:13:56 --> Array to string conversion
#0 C:\xampp\htdocs\tecmed\app\Views\PDFCurriculum.php(98): CodeIgniter\Debug\Exceptions->errorHandler(2, 'Array to string...', 'C:\\xampp\\htdocs...', 98)
#1 C:\xampp\htdocs\tecmed\system\View\View.php(214): include('C:\\xampp\\htdocs...')
#2 C:\xampp\htdocs\tecmed\system\View\View.php(217): CodeIgniter\View\View->CodeIgniter\View\{closure}()
#3 C:\xampp\htdocs\tecmed\system\Common.php(1092): CodeIgniter\View\View->render('PDFCurriculum', Array, true)
#4 C:\xampp\htdocs\tecmed\app\Controllers\CProfesional.php(452): view('PDFCurriculum', Array)
#5 C:\xampp\htdocs\tecmed\system\CodeIgniter.php(802): App\Controllers\CProfesional->generaCurriculum('39')
#6 C:\xampp\htdocs\tecmed\system\CodeIgniter.php(399): CodeIgniter\CodeIgniter->runController(Object(App\Controllers\CProfesional))
#7 C:\xampp\htdocs\tecmed\system\CodeIgniter.php(317): CodeIgniter\CodeIgniter->handleRequest(NULL, Object(Config\Cache), false)
#8 C:\xampp\htdocs\tecmed\public\index.php(37): CodeIgniter\CodeIgniter->run()
#9 {main}
CRITICAL - 2023-04-02 13:14:34 --> Array to string conversion
#0 C:\xampp\htdocs\tecmed\app\Views\PDFCurriculum.php(98): CodeIgniter\Debug\Exceptions->errorHandler(2, 'Array to string...', 'C:\\xampp\\htdocs...', 98)
#1 C:\xampp\htdocs\tecmed\system\View\View.php(214): include('C:\\xampp\\htdocs...')
#2 C:\xampp\htdocs\tecmed\system\View\View.php(217): CodeIgniter\View\View->CodeIgniter\View\{closure}()
#3 C:\xampp\htdocs\tecmed\system\Common.php(1092): CodeIgniter\View\View->render('PDFCurriculum', Array, true)
#4 C:\xampp\htdocs\tecmed\app\Controllers\CProfesional.php(452): view('PDFCurriculum', Array)
#5 C:\xampp\htdocs\tecmed\system\CodeIgniter.php(802): App\Controllers\CProfesional->generaCurriculum('39')
#6 C:\xampp\htdocs\tecmed\system\CodeIgniter.php(399): CodeIgniter\CodeIgniter->runController(Object(App\Controllers\CProfesional))
#7 C:\xampp\htdocs\tecmed\system\CodeIgniter.php(317): CodeIgniter\CodeIgniter->handleRequest(NULL, Object(Config\Cache), false)
#8 C:\xampp\htdocs\tecmed\public\index.php(37): CodeIgniter\CodeIgniter->run()
#9 {main}
CRITICAL - 2023-04-02 14:32:56 --> Array to string conversion
#0 C:\xampp\htdocs\tecmed\app\Views\PDFCurriculum.php(98): CodeIgniter\Debug\Exceptions->errorHandler(2, 'Array to string...', 'C:\\xampp\\htdocs...', 98)
#1 C:\xampp\htdocs\tecmed\system\View\View.php(214): include('C:\\xampp\\htdocs...')
#2 C:\xampp\htdocs\tecmed\system\View\View.php(217): CodeIgniter\View\View->CodeIgniter\View\{closure}()
#3 C:\xampp\htdocs\tecmed\system\Common.php(1092): CodeIgniter\View\View->render('PDFCurriculum', Array, true)
#4 C:\xampp\htdocs\tecmed\app\Controllers\CProfesional.php(452): view('PDFCurriculum', Array)
#5 C:\xampp\htdocs\tecmed\system\CodeIgniter.php(802): App\Controllers\CProfesional->generaCurriculum('39')
#6 C:\xampp\htdocs\tecmed\system\CodeIgniter.php(399): CodeIgniter\CodeIgniter->runController(Object(App\Controllers\CProfesional))
#7 C:\xampp\htdocs\tecmed\system\CodeIgniter.php(317): CodeIgniter\CodeIgniter->handleRequest(NULL, Object(Config\Cache), false)
#8 C:\xampp\htdocs\tecmed\public\index.php(37): CodeIgniter\CodeIgniter->run()
#9 {main}
CRITICAL - 2023-04-02 14:39:05 --> Undefined variable $0
#0 C:\xampp\htdocs\tecmed\app\Views\PDFCurriculum.php(98): CodeIgniter\Debug\Exceptions->errorHandler(2, 'Undefined varia...', 'C:\\xampp\\htdocs...', 98)
#1 C:\xampp\htdocs\tecmed\system\View\View.php(214): include('C:\\xampp\\htdocs...')
#2 C:\xampp\htdocs\tecmed\system\View\View.php(217): CodeIgniter\View\View->CodeIgniter\View\{closure}()
#3 C:\xampp\htdocs\tecmed\system\Common.php(1092): CodeIgniter\View\View->render('PDFCurriculum', Array, true)
#4 C:\xampp\htdocs\tecmed\app\Controllers\CProfesional.php(452): view('PDFCurriculum', Array)
#5 C:\xampp\htdocs\tecmed\system\CodeIgniter.php(802): App\Controllers\CProfesional->generaCurriculum('39')
#6 C:\xampp\htdocs\tecmed\system\CodeIgniter.php(399): CodeIgniter\CodeIgniter->runController(Object(App\Controllers\CProfesional))
#7 C:\xampp\htdocs\tecmed\system\CodeIgniter.php(317): CodeIgniter\CodeIgniter->handleRequest(NULL, Object(Config\Cache), false)
#8 C:\xampp\htdocs\tecmed\public\index.php(37): CodeIgniter\CodeIgniter->run()
#9 {main}
CRITICAL - 2023-04-02 15:54:03 --> DateTime::__construct(): Failed to parse time string (fewfeg gf gfd gfd gfds gfd gfd gf) at position 0 (f): The timezone could not be found in the database
#0 C:\xampp\htdocs\tecmed\app\Views\PDFCurriculum.php(113): DateTime->__construct('fewfeg gf gfd g...')
#1 C:\xampp\htdocs\tecmed\system\View\View.php(214): include('C:\\xampp\\htdocs...')
#2 C:\xampp\htdocs\tecmed\system\View\View.php(217): CodeIgniter\View\View->CodeIgniter\View\{closure}()
#3 C:\xampp\htdocs\tecmed\system\Common.php(1092): CodeIgniter\View\View->render('PDFCurriculum', Array, true)
#4 C:\xampp\htdocs\tecmed\app\Controllers\CProfesional.php(451): view('PDFCurriculum', Array)
#5 C:\xampp\htdocs\tecmed\system\CodeIgniter.php(802): App\Controllers\CProfesional->generaCurriculum('39')
#6 C:\xampp\htdocs\tecmed\system\CodeIgniter.php(399): CodeIgniter\CodeIgniter->runController(Object(App\Controllers\CProfesional))
#7 C:\xampp\htdocs\tecmed\system\CodeIgniter.php(317): CodeIgniter\CodeIgniter->handleRequest(NULL, Object(Config\Cache), false)
#8 C:\xampp\htdocs\tecmed\public\index.php(37): CodeIgniter\CodeIgniter->run()
#9 {main}
CRITICAL - 2023-04-02 15:54:24 --> DateTime::__construct(): Failed to parse time string (fewfeg gf gfd gfd gfds gfd gfd gf) at position 0 (f): The timezone could not be found in the database
#0 C:\xampp\htdocs\tecmed\app\Views\PDFCurriculum.php(113): DateTime->__construct('fewfeg gf gfd g...')
#1 C:\xampp\htdocs\tecmed\system\View\View.php(214): include('C:\\xampp\\htdocs...')
#2 C:\xampp\htdocs\tecmed\system\View\View.php(217): CodeIgniter\View\View->CodeIgniter\View\{closure}()
#3 C:\xampp\htdocs\tecmed\system\Common.php(1092): CodeIgniter\View\View->render('PDFCurriculum', Array, true)
#4 C:\xampp\htdocs\tecmed\app\Controllers\CProfesional.php(451): view('PDFCurriculum', Array)
#5 C:\xampp\htdocs\tecmed\system\CodeIgniter.php(802): App\Controllers\CProfesional->generaCurriculum('39')
#6 C:\xampp\htdocs\tecmed\system\CodeIgniter.php(399): CodeIgniter\CodeIgniter->runController(Object(App\Controllers\CProfesional))
#7 C:\xampp\htdocs\tecmed\system\CodeIgniter.php(317): CodeIgniter\CodeIgniter->handleRequest(NULL, Object(Config\Cache), false)
#8 C:\xampp\htdocs\tecmed\public\index.php(37): CodeIgniter\CodeIgniter->run()
#9 {main}
CRITICAL - 2023-04-02 21:12:22 --> Undefined variable $titulo
#0 C:\xampp\htdocs\tecmed\app\Views\reportes\mencion.php(11): CodeIgniter\Debug\Exceptions->errorHandler(2, 'Undefined varia...', 'C:\\xampp\\htdocs...', 11)
#1 C:\xampp\htdocs\tecmed\system\View\View.php(214): include('C:\\xampp\\htdocs...')
#2 C:\xampp\htdocs\tecmed\system\View\View.php(217): CodeIgniter\View\View->CodeIgniter\View\{closure}()
#3 C:\xampp\htdocs\tecmed\system\Common.php(1092): CodeIgniter\View\View->render('reportes/mencio...', Array, true)
#4 C:\xampp\htdocs\tecmed\app\Controllers\CProfesional.php(461): view('reportes/mencio...')
#5 C:\xampp\htdocs\tecmed\system\CodeIgniter.php(802): App\Controllers\CProfesional->mencion()
#6 C:\xampp\htdocs\tecmed\system\CodeIgniter.php(399): CodeIgniter\CodeIgniter->runController(Object(App\Controllers\CProfesional))
#7 C:\xampp\htdocs\tecmed\system\CodeIgniter.php(317): CodeIgniter\CodeIgniter->handleRequest(NULL, Object(Config\Cache), false)
#8 C:\xampp\htdocs\tecmed\public\index.php(37): CodeIgniter\CodeIgniter->run()
#9 {main}
CRITICAL - 2023-04-02 21:38:18 --> Undefined array key "img_profesional"
#0 C:\xampp\htdocs\tecmed\app\Views\reportes\vistaMencion.php(37): CodeIgniter\Debug\Exceptions->errorHandler(2, 'Undefined array...', 'C:\\xampp\\htdocs...', 37)
#1 C:\xampp\htdocs\tecmed\system\View\View.php(214): include('C:\\xampp\\htdocs...')
#2 C:\xampp\htdocs\tecmed\system\View\View.php(217): CodeIgniter\View\View->CodeIgniter\View\{closure}()
#3 C:\xampp\htdocs\tecmed\system\Common.php(1092): CodeIgniter\View\View->render('reportes/vistam...', Array, true)
#4 C:\xampp\htdocs\tecmed\app\Controllers\CReportes.php(46): view('reportes/vistam...', Array)
#5 C:\xampp\htdocs\tecmed\system\CodeIgniter.php(802): App\Controllers\CReportes->repmencion()
#6 C:\xampp\htdocs\tecmed\system\CodeIgniter.php(399): CodeIgniter\CodeIgniter->runController(Object(App\Controllers\CReportes))
#7 C:\xampp\htdocs\tecmed\system\CodeIgniter.php(317): CodeIgniter\CodeIgniter->handleRequest(NULL, Object(Config\Cache), false)
#8 C:\xampp\htdocs\tecmed\public\index.php(37): CodeIgniter\CodeIgniter->run()
#9 {main}
