CRITICAL - 2023-03-15 00:09:03 --> move_uploaded_file(./assest/dist/img/usuario/administrativos.png): Failed to open stream: No such file or directory
#0 [internal function]: CodeIgniter\Debug\Exceptions->errorHandler(2, 'move_uploaded_f...', 'C:\\xampp\\htdocs...', 100)
#1 C:\xampp\htdocs\tecmed\app\Controllers\CProfesional.php(100): move_uploaded_file('C:\\xampp\\tmp\\ph...', './assest/dist/i...')
#2 C:\xampp\htdocs\tecmed\system\CodeIgniter.php(802): App\Controllers\CProfesional->EditProfesional('23')
#3 C:\xampp\htdocs\tecmed\system\CodeIgniter.php(399): CodeIgniter\CodeIgniter->runController(Object(App\Controllers\CProfesional))
#4 C:\xampp\htdocs\tecmed\system\CodeIgniter.php(317): CodeIgniter\CodeIgniter->handleRequest(NULL, Object(Config\Cache), false)
#5 C:\xampp\htdocs\tecmed\index.php(37): CodeIgniter\CodeIgniter->run()
#6 {main}
CRITICAL - 2023-03-15 00:09:05 --> move_uploaded_file(./assest/dist/img/usuario/administrativos.png): Failed to open stream: No such file or directory
#0 [internal function]: CodeIgniter\Debug\Exceptions->errorHandler(2, 'move_uploaded_f...', 'C:\\xampp\\htdocs...', 100)
#1 C:\xampp\htdocs\tecmed\app\Controllers\CProfesional.php(100): move_uploaded_file('C:\\xampp\\tmp\\ph...', './assest/dist/i...')
#2 C:\xampp\htdocs\tecmed\system\CodeIgniter.php(802): App\Controllers\CProfesional->EditProfesional('23')
#3 C:\xampp\htdocs\tecmed\system\CodeIgniter.php(399): CodeIgniter\CodeIgniter->runController(Object(App\Controllers\CProfesional))
#4 C:\xampp\htdocs\tecmed\system\CodeIgniter.php(317): CodeIgniter\CodeIgniter->handleRequest(NULL, Object(Config\Cache), false)
#5 C:\xampp\htdocs\tecmed\index.php(37): CodeIgniter\CodeIgniter->run()
#6 {main}
CRITICAL - 2023-03-15 00:09:05 --> move_uploaded_file(./assest/dist/img/usuario/administrativos.png): Failed to open stream: No such file or directory
#0 [internal function]: CodeIgniter\Debug\Exceptions->errorHandler(2, 'move_uploaded_f...', 'C:\\xampp\\htdocs...', 100)
#1 C:\xampp\htdocs\tecmed\app\Controllers\CProfesional.php(100): move_uploaded_file('C:\\xampp\\tmp\\ph...', './assest/dist/i...')
#2 C:\xampp\htdocs\tecmed\system\CodeIgniter.php(802): App\Controllers\CProfesional->EditProfesional('23')
#3 C:\xampp\htdocs\tecmed\system\CodeIgniter.php(399): CodeIgniter\CodeIgniter->runController(Object(App\Controllers\CProfesional))
#4 C:\xampp\htdocs\tecmed\system\CodeIgniter.php(317): CodeIgniter\CodeIgniter->handleRequest(NULL, Object(Config\Cache), false)
#5 C:\xampp\htdocs\tecmed\index.php(37): CodeIgniter\CodeIgniter->run()
#6 {main}
CRITICAL - 2023-03-15 00:09:05 --> move_uploaded_file(./assest/dist/img/usuario/administrativos.png): Failed to open stream: No such file or directory
#0 [internal function]: CodeIgniter\Debug\Exceptions->errorHandler(2, 'move_uploaded_f...', 'C:\\xampp\\htdocs...', 100)
#1 C:\xampp\htdocs\tecmed\app\Controllers\CProfesional.php(100): move_uploaded_file('C:\\xampp\\tmp\\ph...', './assest/dist/i...')
#2 C:\xampp\htdocs\tecmed\system\CodeIgniter.php(802): App\Controllers\CProfesional->EditProfesional('23')
#3 C:\xampp\htdocs\tecmed\system\CodeIgniter.php(399): CodeIgniter\CodeIgniter->runController(Object(App\Controllers\CProfesional))
#4 C:\xampp\htdocs\tecmed\system\CodeIgniter.php(317): CodeIgniter\CodeIgniter->handleRequest(NULL, Object(Config\Cache), false)
#5 C:\xampp\htdocs\tecmed\index.php(37): CodeIgniter\CodeIgniter->run()
#6 {main}
CRITICAL - 2023-03-15 00:09:05 --> move_uploaded_file(./assest/dist/img/usuario/administrativos.png): Failed to open stream: No such file or directory
#0 [internal function]: CodeIgniter\Debug\Exceptions->errorHandler(2, 'move_uploaded_f...', 'C:\\xampp\\htdocs...', 100)
#1 C:\xampp\htdocs\tecmed\app\Controllers\CProfesional.php(100): move_uploaded_file('C:\\xampp\\tmp\\ph...', './assest/dist/i...')
#2 C:\xampp\htdocs\tecmed\system\CodeIgniter.php(802): App\Controllers\CProfesional->EditProfesional('23')
#3 C:\xampp\htdocs\tecmed\system\CodeIgniter.php(399): CodeIgniter\CodeIgniter->runController(Object(App\Controllers\CProfesional))
#4 C:\xampp\htdocs\tecmed\system\CodeIgniter.php(317): CodeIgniter\CodeIgniter->handleRequest(NULL, Object(Config\Cache), false)
#5 C:\xampp\htdocs\tecmed\index.php(37): CodeIgniter\CodeIgniter->run()
#6 {main}
CRITICAL - 2023-03-15 00:09:06 --> move_uploaded_file(./assest/dist/img/usuario/administrativos.png): Failed to open stream: No such file or directory
#0 [internal function]: CodeIgniter\Debug\Exceptions->errorHandler(2, 'move_uploaded_f...', 'C:\\xampp\\htdocs...', 100)
#1 C:\xampp\htdocs\tecmed\app\Controllers\CProfesional.php(100): move_uploaded_file('C:\\xampp\\tmp\\ph...', './assest/dist/i...')
#2 C:\xampp\htdocs\tecmed\system\CodeIgniter.php(802): App\Controllers\CProfesional->EditProfesional('23')
#3 C:\xampp\htdocs\tecmed\system\CodeIgniter.php(399): CodeIgniter\CodeIgniter->runController(Object(App\Controllers\CProfesional))
#4 C:\xampp\htdocs\tecmed\system\CodeIgniter.php(317): CodeIgniter\CodeIgniter->handleRequest(NULL, Object(Config\Cache), false)
#5 C:\xampp\htdocs\tecmed\index.php(37): CodeIgniter\CodeIgniter->run()
#6 {main}
CRITICAL - 2023-03-15 00:09:06 --> move_uploaded_file(./assest/dist/img/usuario/administrativos.png): Failed to open stream: No such file or directory
#0 [internal function]: CodeIgniter\Debug\Exceptions->errorHandler(2, 'move_uploaded_f...', 'C:\\xampp\\htdocs...', 100)
#1 C:\xampp\htdocs\tecmed\app\Controllers\CProfesional.php(100): move_uploaded_file('C:\\xampp\\tmp\\ph...', './assest/dist/i...')
#2 C:\xampp\htdocs\tecmed\system\CodeIgniter.php(802): App\Controllers\CProfesional->EditProfesional('23')
#3 C:\xampp\htdocs\tecmed\system\CodeIgniter.php(399): CodeIgniter\CodeIgniter->runController(Object(App\Controllers\CProfesional))
#4 C:\xampp\htdocs\tecmed\system\CodeIgniter.php(317): CodeIgniter\CodeIgniter->handleRequest(NULL, Object(Config\Cache), false)
#5 C:\xampp\htdocs\tecmed\index.php(37): CodeIgniter\CodeIgniter->run()
#6 {main}
CRITICAL - 2023-03-15 00:09:17 --> move_uploaded_file(./assest/dist/img/usuario/administrativos.png): Failed to open stream: No such file or directory
#0 [internal function]: CodeIgniter\Debug\Exceptions->errorHandler(2, 'move_uploaded_f...', 'C:\\xampp\\htdocs...', 100)
#1 C:\xampp\htdocs\tecmed\app\Controllers\CProfesional.php(100): move_uploaded_file('C:\\xampp\\tmp\\ph...', './assest/dist/i...')
#2 C:\xampp\htdocs\tecmed\system\CodeIgniter.php(802): App\Controllers\CProfesional->EditProfesional('23')
#3 C:\xampp\htdocs\tecmed\system\CodeIgniter.php(399): CodeIgniter\CodeIgniter->runController(Object(App\Controllers\CProfesional))
#4 C:\xampp\htdocs\tecmed\system\CodeIgniter.php(317): CodeIgniter\CodeIgniter->handleRequest(NULL, Object(Config\Cache), false)
#5 C:\xampp\htdocs\tecmed\index.php(37): CodeIgniter\CodeIgniter->run()
#6 {main}
CRITICAL - 2023-03-15 00:09:17 --> move_uploaded_file(./assest/dist/img/usuario/administrativos.png): Failed to open stream: No such file or directory
#0 [internal function]: CodeIgniter\Debug\Exceptions->errorHandler(2, 'move_uploaded_f...', 'C:\\xampp\\htdocs...', 100)
#1 C:\xampp\htdocs\tecmed\app\Controllers\CProfesional.php(100): move_uploaded_file('C:\\xampp\\tmp\\ph...', './assest/dist/i...')
#2 C:\xampp\htdocs\tecmed\system\CodeIgniter.php(802): App\Controllers\CProfesional->EditProfesional('23')
#3 C:\xampp\htdocs\tecmed\system\CodeIgniter.php(399): CodeIgniter\CodeIgniter->runController(Object(App\Controllers\CProfesional))
#4 C:\xampp\htdocs\tecmed\system\CodeIgniter.php(317): CodeIgniter\CodeIgniter->handleRequest(NULL, Object(Config\Cache), false)
#5 C:\xampp\htdocs\tecmed\index.php(37): CodeIgniter\CodeIgniter->run()
#6 {main}
CRITICAL - 2023-03-15 00:09:17 --> move_uploaded_file(./assest/dist/img/usuario/administrativos.png): Failed to open stream: No such file or directory
#0 [internal function]: CodeIgniter\Debug\Exceptions->errorHandler(2, 'move_uploaded_f...', 'C:\\xampp\\htdocs...', 100)
#1 C:\xampp\htdocs\tecmed\app\Controllers\CProfesional.php(100): move_uploaded_file('C:\\xampp\\tmp\\ph...', './assest/dist/i...')
#2 C:\xampp\htdocs\tecmed\system\CodeIgniter.php(802): App\Controllers\CProfesional->EditProfesional('23')
#3 C:\xampp\htdocs\tecmed\system\CodeIgniter.php(399): CodeIgniter\CodeIgniter->runController(Object(App\Controllers\CProfesional))
#4 C:\xampp\htdocs\tecmed\system\CodeIgniter.php(317): CodeIgniter\CodeIgniter->handleRequest(NULL, Object(Config\Cache), false)
#5 C:\xampp\htdocs\tecmed\index.php(37): CodeIgniter\CodeIgniter->run()
#6 {main}
CRITICAL - 2023-03-15 00:09:17 --> move_uploaded_file(./assest/dist/img/usuario/administrativos.png): Failed to open stream: No such file or directory
#0 [internal function]: CodeIgniter\Debug\Exceptions->errorHandler(2, 'move_uploaded_f...', 'C:\\xampp\\htdocs...', 100)
#1 C:\xampp\htdocs\tecmed\app\Controllers\CProfesional.php(100): move_uploaded_file('C:\\xampp\\tmp\\ph...', './assest/dist/i...')
#2 C:\xampp\htdocs\tecmed\system\CodeIgniter.php(802): App\Controllers\CProfesional->EditProfesional('23')
#3 C:\xampp\htdocs\tecmed\system\CodeIgniter.php(399): CodeIgniter\CodeIgniter->runController(Object(App\Controllers\CProfesional))
#4 C:\xampp\htdocs\tecmed\system\CodeIgniter.php(317): CodeIgniter\CodeIgniter->handleRequest(NULL, Object(Config\Cache), false)
#5 C:\xampp\htdocs\tecmed\index.php(37): CodeIgniter\CodeIgniter->run()
#6 {main}
CRITICAL - 2023-03-15 00:09:18 --> move_uploaded_file(./assest/dist/img/usuario/administrativos.png): Failed to open stream: No such file or directory
#0 [internal function]: CodeIgniter\Debug\Exceptions->errorHandler(2, 'move_uploaded_f...', 'C:\\xampp\\htdocs...', 100)
#1 C:\xampp\htdocs\tecmed\app\Controllers\CProfesional.php(100): move_uploaded_file('C:\\xampp\\tmp\\ph...', './assest/dist/i...')
#2 C:\xampp\htdocs\tecmed\system\CodeIgniter.php(802): App\Controllers\CProfesional->EditProfesional('23')
#3 C:\xampp\htdocs\tecmed\system\CodeIgniter.php(399): CodeIgniter\CodeIgniter->runController(Object(App\Controllers\CProfesional))
#4 C:\xampp\htdocs\tecmed\system\CodeIgniter.php(317): CodeIgniter\CodeIgniter->handleRequest(NULL, Object(Config\Cache), false)
#5 C:\xampp\htdocs\tecmed\index.php(37): CodeIgniter\CodeIgniter->run()
#6 {main}
CRITICAL - 2023-03-15 00:09:18 --> move_uploaded_file(./assest/dist/img/usuario/administrativos.png): Failed to open stream: No such file or directory
#0 [internal function]: CodeIgniter\Debug\Exceptions->errorHandler(2, 'move_uploaded_f...', 'C:\\xampp\\htdocs...', 100)
#1 C:\xampp\htdocs\tecmed\app\Controllers\CProfesional.php(100): move_uploaded_file('C:\\xampp\\tmp\\ph...', './assest/dist/i...')
#2 C:\xampp\htdocs\tecmed\system\CodeIgniter.php(802): App\Controllers\CProfesional->EditProfesional('23')
#3 C:\xampp\htdocs\tecmed\system\CodeIgniter.php(399): CodeIgniter\CodeIgniter->runController(Object(App\Controllers\CProfesional))
#4 C:\xampp\htdocs\tecmed\system\CodeIgniter.php(317): CodeIgniter\CodeIgniter->handleRequest(NULL, Object(Config\Cache), false)
#5 C:\xampp\htdocs\tecmed\index.php(37): CodeIgniter\CodeIgniter->run()
#6 {main}
CRITICAL - 2023-03-15 00:09:18 --> move_uploaded_file(./assest/dist/img/usuario/administrativos.png): Failed to open stream: No such file or directory
#0 [internal function]: CodeIgniter\Debug\Exceptions->errorHandler(2, 'move_uploaded_f...', 'C:\\xampp\\htdocs...', 100)
#1 C:\xampp\htdocs\tecmed\app\Controllers\CProfesional.php(100): move_uploaded_file('C:\\xampp\\tmp\\ph...', './assest/dist/i...')
#2 C:\xampp\htdocs\tecmed\system\CodeIgniter.php(802): App\Controllers\CProfesional->EditProfesional('23')
#3 C:\xampp\htdocs\tecmed\system\CodeIgniter.php(399): CodeIgniter\CodeIgniter->runController(Object(App\Controllers\CProfesional))
#4 C:\xampp\htdocs\tecmed\system\CodeIgniter.php(317): CodeIgniter\CodeIgniter->handleRequest(NULL, Object(Config\Cache), false)
#5 C:\xampp\htdocs\tecmed\index.php(37): CodeIgniter\CodeIgniter->run()
#6 {main}
CRITICAL - 2023-03-15 00:09:18 --> move_uploaded_file(./assest/dist/img/usuario/administrativos.png): Failed to open stream: No such file or directory
#0 [internal function]: CodeIgniter\Debug\Exceptions->errorHandler(2, 'move_uploaded_f...', 'C:\\xampp\\htdocs...', 100)
#1 C:\xampp\htdocs\tecmed\app\Controllers\CProfesional.php(100): move_uploaded_file('C:\\xampp\\tmp\\ph...', './assest/dist/i...')
#2 C:\xampp\htdocs\tecmed\system\CodeIgniter.php(802): App\Controllers\CProfesional->EditProfesional('23')
#3 C:\xampp\htdocs\tecmed\system\CodeIgniter.php(399): CodeIgniter\CodeIgniter->runController(Object(App\Controllers\CProfesional))
#4 C:\xampp\htdocs\tecmed\system\CodeIgniter.php(317): CodeIgniter\CodeIgniter->handleRequest(NULL, Object(Config\Cache), false)
#5 C:\xampp\htdocs\tecmed\index.php(37): CodeIgniter\CodeIgniter->run()
#6 {main}
CRITICAL - 2023-03-15 00:09:39 --> move_uploaded_file(./assest/dist/img/usuario/administrativos.png): Failed to open stream: No such file or directory
#0 [internal function]: CodeIgniter\Debug\Exceptions->errorHandler(2, 'move_uploaded_f...', 'C:\\xampp\\htdocs...', 100)
#1 C:\xampp\htdocs\tecmed\app\Controllers\CProfesional.php(100): move_uploaded_file('C:\\xampp\\tmp\\ph...', './assest/dist/i...')
#2 C:\xampp\htdocs\tecmed\system\CodeIgniter.php(802): App\Controllers\CProfesional->EditProfesional('23')
#3 C:\xampp\htdocs\tecmed\system\CodeIgniter.php(399): CodeIgniter\CodeIgniter->runController(Object(App\Controllers\CProfesional))
#4 C:\xampp\htdocs\tecmed\system\CodeIgniter.php(317): CodeIgniter\CodeIgniter->handleRequest(NULL, Object(Config\Cache), false)
#5 C:\xampp\htdocs\tecmed\index.php(37): CodeIgniter\CodeIgniter->run()
#6 {main}
CRITICAL - 2023-03-15 00:09:39 --> move_uploaded_file(./assest/dist/img/usuario/administrativos.png): Failed to open stream: No such file or directory
#0 [internal function]: CodeIgniter\Debug\Exceptions->errorHandler(2, 'move_uploaded_f...', 'C:\\xampp\\htdocs...', 100)
#1 C:\xampp\htdocs\tecmed\app\Controllers\CProfesional.php(100): move_uploaded_file('C:\\xampp\\tmp\\ph...', './assest/dist/i...')
#2 C:\xampp\htdocs\tecmed\system\CodeIgniter.php(802): App\Controllers\CProfesional->EditProfesional('23')
#3 C:\xampp\htdocs\tecmed\system\CodeIgniter.php(399): CodeIgniter\CodeIgniter->runController(Object(App\Controllers\CProfesional))
#4 C:\xampp\htdocs\tecmed\system\CodeIgniter.php(317): CodeIgniter\CodeIgniter->handleRequest(NULL, Object(Config\Cache), false)
#5 C:\xampp\htdocs\tecmed\index.php(37): CodeIgniter\CodeIgniter->run()
#6 {main}
CRITICAL - 2023-03-15 00:09:39 --> move_uploaded_file(./assest/dist/img/usuario/administrativos.png): Failed to open stream: No such file or directory
#0 [internal function]: CodeIgniter\Debug\Exceptions->errorHandler(2, 'move_uploaded_f...', 'C:\\xampp\\htdocs...', 100)
#1 C:\xampp\htdocs\tecmed\app\Controllers\CProfesional.php(100): move_uploaded_file('C:\\xampp\\tmp\\ph...', './assest/dist/i...')
#2 C:\xampp\htdocs\tecmed\system\CodeIgniter.php(802): App\Controllers\CProfesional->EditProfesional('23')
#3 C:\xampp\htdocs\tecmed\system\CodeIgniter.php(399): CodeIgniter\CodeIgniter->runController(Object(App\Controllers\CProfesional))
#4 C:\xampp\htdocs\tecmed\system\CodeIgniter.php(317): CodeIgniter\CodeIgniter->handleRequest(NULL, Object(Config\Cache), false)
#5 C:\xampp\htdocs\tecmed\index.php(37): CodeIgniter\CodeIgniter->run()
#6 {main}
CRITICAL - 2023-03-15 00:09:39 --> move_uploaded_file(./assest/dist/img/usuario/administrativos.png): Failed to open stream: No such file or directory
#0 [internal function]: CodeIgniter\Debug\Exceptions->errorHandler(2, 'move_uploaded_f...', 'C:\\xampp\\htdocs...', 100)
#1 C:\xampp\htdocs\tecmed\app\Controllers\CProfesional.php(100): move_uploaded_file('C:\\xampp\\tmp\\ph...', './assest/dist/i...')
#2 C:\xampp\htdocs\tecmed\system\CodeIgniter.php(802): App\Controllers\CProfesional->EditProfesional('23')
#3 C:\xampp\htdocs\tecmed\system\CodeIgniter.php(399): CodeIgniter\CodeIgniter->runController(Object(App\Controllers\CProfesional))
#4 C:\xampp\htdocs\tecmed\system\CodeIgniter.php(317): CodeIgniter\CodeIgniter->handleRequest(NULL, Object(Config\Cache), false)
#5 C:\xampp\htdocs\tecmed\index.php(37): CodeIgniter\CodeIgniter->run()
#6 {main}
ERROR - 2023-03-15 00:46:00 --> Unknown column 'activo' in 'where clause'
CRITICAL - 2023-03-15 00:46:00 --> Unknown column 'activo' in 'where clause'
#0 C:\xampp\htdocs\tecmed\system\Database\MySQLi\Connection.php(280): mysqli->query('SELECT *\nFROM `...')
#1 C:\xampp\htdocs\tecmed\system\Database\BaseConnection.php(663): CodeIgniter\Database\MySQLi\Connection->execute('SELECT *\nFROM `...')
#2 C:\xampp\htdocs\tecmed\system\Database\BaseConnection.php(591): CodeIgniter\Database\BaseConnection->simpleQuery('SELECT *\nFROM `...')
#3 C:\xampp\htdocs\tecmed\system\Database\BaseBuilder.php(1428): CodeIgniter\Database\BaseConnection->query('SELECT *\nFROM `...', Array, false)
#4 C:\xampp\htdocs\tecmed\system\Model.php(183): CodeIgniter\Database\BaseBuilder->get()
#5 C:\xampp\htdocs\tecmed\system\BaseModel.php(584): CodeIgniter\Model->doFindAll(0, 0)
#6 C:\xampp\htdocs\tecmed\app\Controllers\CProfesional.php(15): CodeIgniter\BaseModel->findAll()
#7 C:\xampp\htdocs\tecmed\system\CodeIgniter.php(802): App\Controllers\CProfesional->index()
#8 C:\xampp\htdocs\tecmed\system\CodeIgniter.php(399): CodeIgniter\CodeIgniter->runController(Object(App\Controllers\CProfesional))
#9 C:\xampp\htdocs\tecmed\system\CodeIgniter.php(317): CodeIgniter\CodeIgniter->handleRequest(NULL, Object(Config\Cache), false)
#10 C:\xampp\htdocs\tecmed\index.php(37): CodeIgniter\CodeIgniter->run()
#11 {main}
CRITICAL - 2023-03-15 00:53:11 --> Undefined array key "login_usuario"
#0 C:\xampp\htdocs\tecmed\app\Views\usuario\VUsuario.php(31): CodeIgniter\Debug\Exceptions->errorHandler(2, 'Undefined array...', 'C:\\xampp\\htdocs...', 31)
#1 C:\xampp\htdocs\tecmed\system\View\View.php(214): include('C:\\xampp\\htdocs...')
#2 C:\xampp\htdocs\tecmed\system\View\View.php(217): CodeIgniter\View\View->CodeIgniter\View\{closure}()
#3 C:\xampp\htdocs\tecmed\system\Common.php(1092): CodeIgniter\View\View->render('/usuario/VUsuar...', Array, true)
#4 C:\xampp\htdocs\tecmed\app\Controllers\CUsuario.php(16): view('/usuario/VUsuar...', Array)
#5 C:\xampp\htdocs\tecmed\system\CodeIgniter.php(802): App\Controllers\CUsuario->index()
#6 C:\xampp\htdocs\tecmed\system\CodeIgniter.php(399): CodeIgniter\CodeIgniter->runController(Object(App\Controllers\CUsuario))
#7 C:\xampp\htdocs\tecmed\system\CodeIgniter.php(317): CodeIgniter\CodeIgniter->handleRequest(NULL, Object(Config\Cache), false)
#8 C:\xampp\htdocs\tecmed\index.php(37): CodeIgniter\CodeIgniter->run()
#9 {main}
