CRITICAL - 2023-05-15 09:35:42 --> Call to undefined method App\Models\MProfesional::whereNot
#0 C:\xampp\htdocs\tecmed\app\Controllers\CEstadisticas.php(97): CodeIgniter\Model->__call('whereNot', Array)
#1 C:\xampp\htdocs\tecmed\system\CodeIgniter.php(802): App\Controllers\CEstadisticas->index()
#2 C:\xampp\htdocs\tecmed\system\CodeIgniter.php(399): CodeIgniter\CodeIgniter->runController(Object(App\Controllers\CEstadisticas))
#3 C:\xampp\htdocs\tecmed\system\CodeIgniter.php(317): CodeIgniter\CodeIgniter->handleRequest(NULL, Object(Config\Cache), false)
#4 C:\xampp\htdocs\tecmed\public\index.php(37): CodeIgniter\CodeIgniter->run()
#5 {main}
CRITICAL - 2023-05-15 09:36:11 --> Call to undefined method App\Models\MProfesional::whereNot
#0 C:\xampp\htdocs\tecmed\app\Controllers\CEstadisticas.php(97): CodeIgniter\Model->__call('whereNot', Array)
#1 C:\xampp\htdocs\tecmed\system\CodeIgniter.php(802): App\Controllers\CEstadisticas->index()
#2 C:\xampp\htdocs\tecmed\system\CodeIgniter.php(399): CodeIgniter\CodeIgniter->runController(Object(App\Controllers\CEstadisticas))
#3 C:\xampp\htdocs\tecmed\system\CodeIgniter.php(317): CodeIgniter\CodeIgniter->handleRequest(NULL, Object(Config\Cache), false)
#4 C:\xampp\htdocs\tecmed\public\index.php(37): CodeIgniter\CodeIgniter->run()
#5 {main}
CRITICAL - 2023-05-15 09:40:36 --> Call to undefined method App\Models\MProfesional::wherenot
#0 C:\xampp\htdocs\tecmed\app\Controllers\CEstadisticas.php(97): CodeIgniter\Model->__call('wherenot', Array)
#1 C:\xampp\htdocs\tecmed\system\CodeIgniter.php(802): App\Controllers\CEstadisticas->index()
#2 C:\xampp\htdocs\tecmed\system\CodeIgniter.php(399): CodeIgniter\CodeIgniter->runController(Object(App\Controllers\CEstadisticas))
#3 C:\xampp\htdocs\tecmed\system\CodeIgniter.php(317): CodeIgniter\CodeIgniter->handleRequest(NULL, Object(Config\Cache), false)
#4 C:\xampp\htdocs\tecmed\public\index.php(37): CodeIgniter\CodeIgniter->run()
#5 {main}
CRITICAL - 2023-05-15 09:40:43 --> Call to undefined method App\Models\MProfesional::whereNot
#0 C:\xampp\htdocs\tecmed\app\Controllers\CEstadisticas.php(97): CodeIgniter\Model->__call('whereNot', Array)
#1 C:\xampp\htdocs\tecmed\system\CodeIgniter.php(802): App\Controllers\CEstadisticas->index()
#2 C:\xampp\htdocs\tecmed\system\CodeIgniter.php(399): CodeIgniter\CodeIgniter->runController(Object(App\Controllers\CEstadisticas))
#3 C:\xampp\htdocs\tecmed\system\CodeIgniter.php(317): CodeIgniter\CodeIgniter->handleRequest(NULL, Object(Config\Cache), false)
#4 C:\xampp\htdocs\tecmed\public\index.php(37): CodeIgniter\CodeIgniter->run()
#5 {main}
CRITICAL - 2023-05-15 09:47:25 --> orWhereNotIn() expects $values to be of type array or closure
#0 C:\xampp\htdocs\tecmed\system\Database\BaseBuilder.php(745): CodeIgniter\Database\BaseBuilder->_whereIn('ciudad', 'La Paz', true, 'OR ', NULL)
#1 C:\xampp\htdocs\tecmed\system\Model.php(720): CodeIgniter\Database\BaseBuilder->orWhereNotIn('ciudad', 'La Paz')
#2 C:\xampp\htdocs\tecmed\app\Controllers\CEstadisticas.php(97): CodeIgniter\Model->__call('orWhereNotIn', Array)
#3 C:\xampp\htdocs\tecmed\system\CodeIgniter.php(802): App\Controllers\CEstadisticas->index()
#4 C:\xampp\htdocs\tecmed\system\CodeIgniter.php(399): CodeIgniter\CodeIgniter->runController(Object(App\Controllers\CEstadisticas))
#5 C:\xampp\htdocs\tecmed\system\CodeIgniter.php(317): CodeIgniter\CodeIgniter->handleRequest(NULL, Object(Config\Cache), false)
#6 C:\xampp\htdocs\tecmed\public\index.php(37): CodeIgniter\CodeIgniter->run()
#7 {main}
