CRITICAL - 2023-03-16 01:33:52 --> Trying to access array offset on value of type null
#0 C:\xampp\htdocs\tecmed\app\Views\Profesional\DetalleProfesional.php(11): CodeIgniter\Debug\Exceptions->errorHandler(2, 'Trying to acces...', 'C:\\xampp\\htdocs...', 11)
#1 C:\xampp\htdocs\tecmed\system\View\View.php(214): include('C:\\xampp\\htdocs...')
#2 C:\xampp\htdocs\tecmed\system\View\View.php(217): CodeIgniter\View\View->CodeIgniter\View\{closure}()
#3 C:\xampp\htdocs\tecmed\system\Common.php(1092): CodeIgniter\View\View->render('/Profesional/De...', Array, true)
#4 C:\xampp\htdocs\tecmed\app\Controllers\CProfesional.php(36): view('/Profesional/De...', Array)
#5 C:\xampp\htdocs\tecmed\system\CodeIgniter.php(802): App\Controllers\CProfesional->DetalleProfesional('CProfesional', 'MNuevoProfesion...')
#6 C:\xampp\htdocs\tecmed\system\CodeIgniter.php(399): CodeIgniter\CodeIgniter->runController(Object(App\Controllers\CProfesional))
#7 C:\xampp\htdocs\tecmed\system\CodeIgniter.php(317): CodeIgniter\CodeIgniter->handleRequest(NULL, Object(Config\Cache), false)
#8 C:\xampp\htdocs\tecmed\index.php(37): CodeIgniter\CodeIgniter->run()
#9 {main}
CRITICAL - 2023-03-16 01:34:37 --> Trying to access array offset on value of type null
#0 C:\xampp\htdocs\tecmed\app\Views\Profesional\DetalleProfesional.php(11): CodeIgniter\Debug\Exceptions->errorHandler(2, 'Trying to acces...', 'C:\\xampp\\htdocs...', 11)
#1 C:\xampp\htdocs\tecmed\system\View\View.php(214): include('C:\\xampp\\htdocs...')
#2 C:\xampp\htdocs\tecmed\system\View\View.php(217): CodeIgniter\View\View->CodeIgniter\View\{closure}()
#3 C:\xampp\htdocs\tecmed\system\Common.php(1092): CodeIgniter\View\View->render('/Profesional/De...', Array, true)
#4 C:\xampp\htdocs\tecmed\app\Controllers\CProfesional.php(36): view('/Profesional/De...', Array)
#5 C:\xampp\htdocs\tecmed\system\CodeIgniter.php(802): App\Controllers\CProfesional->DetalleProfesional('CProfesional', 'MNuevoProfesion...')
#6 C:\xampp\htdocs\tecmed\system\CodeIgniter.php(399): CodeIgniter\CodeIgniter->runController(Object(App\Controllers\CProfesional))
#7 C:\xampp\htdocs\tecmed\system\CodeIgniter.php(317): CodeIgniter\CodeIgniter->handleRequest(NULL, Object(Config\Cache), false)
#8 C:\xampp\htdocs\tecmed\index.php(37): CodeIgniter\CodeIgniter->run()
#9 {main}
CRITICAL - 2023-03-16 01:37:44 --> Trying to access array offset on value of type null
#0 C:\xampp\htdocs\tecmed\app\Views\Profesional\DetalleProfesional.php(21): CodeIgniter\Debug\Exceptions->errorHandler(2, 'Trying to acces...', 'C:\\xampp\\htdocs...', 21)
#1 C:\xampp\htdocs\tecmed\system\View\View.php(214): include('C:\\xampp\\htdocs...')
#2 C:\xampp\htdocs\tecmed\system\View\View.php(217): CodeIgniter\View\View->CodeIgniter\View\{closure}()
#3 C:\xampp\htdocs\tecmed\system\Common.php(1092): CodeIgniter\View\View->render('/Profesional/De...', Array, true)
#4 C:\xampp\htdocs\tecmed\app\Controllers\CProfesional.php(36): view('/Profesional/De...', Array)
#5 C:\xampp\htdocs\tecmed\system\CodeIgniter.php(802): App\Controllers\CProfesional->DetalleProfesional('CProfesional', 'MNuevoProfesion...')
#6 C:\xampp\htdocs\tecmed\system\CodeIgniter.php(399): CodeIgniter\CodeIgniter->runController(Object(App\Controllers\CProfesional))
#7 C:\xampp\htdocs\tecmed\system\CodeIgniter.php(317): CodeIgniter\CodeIgniter->handleRequest(NULL, Object(Config\Cache), false)
#8 C:\xampp\htdocs\tecmed\index.php(37): CodeIgniter\CodeIgniter->run()
#9 {main}
CRITICAL - 2023-03-16 01:37:47 --> Trying to access array offset on value of type null
#0 C:\xampp\htdocs\tecmed\app\Views\Profesional\DetalleProfesional.php(21): CodeIgniter\Debug\Exceptions->errorHandler(2, 'Trying to acces...', 'C:\\xampp\\htdocs...', 21)
#1 C:\xampp\htdocs\tecmed\system\View\View.php(214): include('C:\\xampp\\htdocs...')
#2 C:\xampp\htdocs\tecmed\system\View\View.php(217): CodeIgniter\View\View->CodeIgniter\View\{closure}()
#3 C:\xampp\htdocs\tecmed\system\Common.php(1092): CodeIgniter\View\View->render('/Profesional/De...', Array, true)
#4 C:\xampp\htdocs\tecmed\app\Controllers\CProfesional.php(36): view('/Profesional/De...', Array)
#5 C:\xampp\htdocs\tecmed\system\CodeIgniter.php(802): App\Controllers\CProfesional->DetalleProfesional('CProfesional', 'MNuevoProfesion...')
#6 C:\xampp\htdocs\tecmed\system\CodeIgniter.php(399): CodeIgniter\CodeIgniter->runController(Object(App\Controllers\CProfesional))
#7 C:\xampp\htdocs\tecmed\system\CodeIgniter.php(317): CodeIgniter\CodeIgniter->handleRequest(NULL, Object(Config\Cache), false)
#8 C:\xampp\htdocs\tecmed\index.php(37): CodeIgniter\CodeIgniter->run()
#9 {main}
CRITICAL - 2023-03-16 01:39:02 --> Trying to access array offset on value of type null
#0 C:\xampp\htdocs\tecmed\app\Views\Profesional\DetalleProfesional.php(21): CodeIgniter\Debug\Exceptions->errorHandler(2, 'Trying to acces...', 'C:\\xampp\\htdocs...', 21)
#1 C:\xampp\htdocs\tecmed\system\View\View.php(214): include('C:\\xampp\\htdocs...')
#2 C:\xampp\htdocs\tecmed\system\View\View.php(217): CodeIgniter\View\View->CodeIgniter\View\{closure}()
#3 C:\xampp\htdocs\tecmed\system\Common.php(1092): CodeIgniter\View\View->render('/Profesional/De...', Array, true)
#4 C:\xampp\htdocs\tecmed\app\Controllers\CProfesional.php(36): view('/Profesional/De...', Array)
#5 C:\xampp\htdocs\tecmed\system\CodeIgniter.php(802): App\Controllers\CProfesional->DetalleProfesional('CProfesional', 'MNuevoProfesion...')
#6 C:\xampp\htdocs\tecmed\system\CodeIgniter.php(399): CodeIgniter\CodeIgniter->runController(Object(App\Controllers\CProfesional))
#7 C:\xampp\htdocs\tecmed\system\CodeIgniter.php(317): CodeIgniter\CodeIgniter->handleRequest(NULL, Object(Config\Cache), false)
#8 C:\xampp\htdocs\tecmed\index.php(37): CodeIgniter\CodeIgniter->run()
#9 {main}
CRITICAL - 2023-03-16 01:40:45 --> Trying to access array offset on value of type null
#0 C:\xampp\htdocs\tecmed\app\Views\Profesional\DetalleProfesional.php(21): CodeIgniter\Debug\Exceptions->errorHandler(2, 'Trying to acces...', 'C:\\xampp\\htdocs...', 21)
#1 C:\xampp\htdocs\tecmed\system\View\View.php(214): include('C:\\xampp\\htdocs...')
#2 C:\xampp\htdocs\tecmed\system\View\View.php(217): CodeIgniter\View\View->CodeIgniter\View\{closure}()
#3 C:\xampp\htdocs\tecmed\system\Common.php(1092): CodeIgniter\View\View->render('/Profesional/De...', Array, true)
#4 C:\xampp\htdocs\tecmed\app\Controllers\CProfesional.php(36): view('/Profesional/De...', Array)
#5 C:\xampp\htdocs\tecmed\system\CodeIgniter.php(802): App\Controllers\CProfesional->DetalleProfesional('CProfesional', 'MNuevoProfesion...')
#6 C:\xampp\htdocs\tecmed\system\CodeIgniter.php(399): CodeIgniter\CodeIgniter->runController(Object(App\Controllers\CProfesional))
#7 C:\xampp\htdocs\tecmed\system\CodeIgniter.php(317): CodeIgniter\CodeIgniter->handleRequest(NULL, Object(Config\Cache), false)
#8 C:\xampp\htdocs\tecmed\index.php(37): CodeIgniter\CodeIgniter->run()
#9 {main}
CRITICAL - 2023-03-16 01:40:48 --> Trying to access array offset on value of type null
#0 C:\xampp\htdocs\tecmed\app\Views\Profesional\DetalleProfesional.php(21): CodeIgniter\Debug\Exceptions->errorHandler(2, 'Trying to acces...', 'C:\\xampp\\htdocs...', 21)
#1 C:\xampp\htdocs\tecmed\system\View\View.php(214): include('C:\\xampp\\htdocs...')
#2 C:\xampp\htdocs\tecmed\system\View\View.php(217): CodeIgniter\View\View->CodeIgniter\View\{closure}()
#3 C:\xampp\htdocs\tecmed\system\Common.php(1092): CodeIgniter\View\View->render('/Profesional/De...', Array, true)
#4 C:\xampp\htdocs\tecmed\app\Controllers\CProfesional.php(36): view('/Profesional/De...', Array)
#5 C:\xampp\htdocs\tecmed\system\CodeIgniter.php(802): App\Controllers\CProfesional->DetalleProfesional('CProfesional', 'MNuevoProfesion...')
#6 C:\xampp\htdocs\tecmed\system\CodeIgniter.php(399): CodeIgniter\CodeIgniter->runController(Object(App\Controllers\CProfesional))
#7 C:\xampp\htdocs\tecmed\system\CodeIgniter.php(317): CodeIgniter\CodeIgniter->handleRequest(NULL, Object(Config\Cache), false)
#8 C:\xampp\htdocs\tecmed\index.php(37): CodeIgniter\CodeIgniter->run()
#9 {main}
CRITICAL - 2023-03-16 13:10:00 --> Undefined array key "login_usuario"
#0 C:\xampp\htdocs\tecmed\app\Views\usuario\VUsuario.php(31): CodeIgniter\Debug\Exceptions->errorHandler(2, 'Undefined array...', 'C:\\xampp\\htdocs...', 31)
#1 C:\xampp\htdocs\tecmed\system\View\View.php(214): include('C:\\xampp\\htdocs...')
#2 C:\xampp\htdocs\tecmed\system\View\View.php(217): CodeIgniter\View\View->CodeIgniter\View\{closure}()
#3 C:\xampp\htdocs\tecmed\system\Common.php(1092): CodeIgniter\View\View->render('/usuario/VUsuar...', Array, true)
#4 C:\xampp\htdocs\tecmed\app\Controllers\CUsuario.php(16): view('/usuario/VUsuar...', Array)
#5 C:\xampp\htdocs\tecmed\system\CodeIgniter.php(802): App\Controllers\CUsuario->index()
#6 C:\xampp\htdocs\tecmed\system\CodeIgniter.php(399): CodeIgniter\CodeIgniter->runController(Object(App\Controllers\CUsuario))
#7 C:\xampp\htdocs\tecmed\system\CodeIgniter.php(317): CodeIgniter\CodeIgniter->handleRequest(NULL, Object(Config\Cache), false)
#8 C:\xampp\htdocs\tecmed\public\index.php(37): CodeIgniter\CodeIgniter->run()
#9 {main}
CRITICAL - 2023-03-16 13:10:18 --> Undefined array key "login_usuario"
#0 C:\xampp\htdocs\tecmed\app\Views\usuario\VUsuario.php(31): CodeIgniter\Debug\Exceptions->errorHandler(2, 'Undefined array...', 'C:\\xampp\\htdocs...', 31)
#1 C:\xampp\htdocs\tecmed\system\View\View.php(214): include('C:\\xampp\\htdocs...')
#2 C:\xampp\htdocs\tecmed\system\View\View.php(217): CodeIgniter\View\View->CodeIgniter\View\{closure}()
#3 C:\xampp\htdocs\tecmed\system\Common.php(1092): CodeIgniter\View\View->render('/usuario/VUsuar...', Array, true)
#4 C:\xampp\htdocs\tecmed\app\Controllers\CUsuario.php(16): view('/usuario/VUsuar...', Array)
#5 C:\xampp\htdocs\tecmed\system\CodeIgniter.php(802): App\Controllers\CUsuario->index()
#6 C:\xampp\htdocs\tecmed\system\CodeIgniter.php(399): CodeIgniter\CodeIgniter->runController(Object(App\Controllers\CUsuario))
#7 C:\xampp\htdocs\tecmed\system\CodeIgniter.php(317): CodeIgniter\CodeIgniter->handleRequest(NULL, Object(Config\Cache), false)
#8 C:\xampp\htdocs\tecmed\public\index.php(37): CodeIgniter\CodeIgniter->run()
#9 {main}
CRITICAL - 2023-03-16 13:11:00 --> Undefined array key "login_usuario"
#0 C:\xampp\htdocs\tecmed\app\Views\usuario\VUsuario.php(31): CodeIgniter\Debug\Exceptions->errorHandler(2, 'Undefined array...', 'C:\\xampp\\htdocs...', 31)
#1 C:\xampp\htdocs\tecmed\system\View\View.php(214): include('C:\\xampp\\htdocs...')
#2 C:\xampp\htdocs\tecmed\system\View\View.php(217): CodeIgniter\View\View->CodeIgniter\View\{closure}()
#3 C:\xampp\htdocs\tecmed\system\Common.php(1092): CodeIgniter\View\View->render('/usuario/VUsuar...', Array, true)
#4 C:\xampp\htdocs\tecmed\app\Controllers\CUsuario.php(16): view('/usuario/VUsuar...', Array)
#5 C:\xampp\htdocs\tecmed\system\CodeIgniter.php(802): App\Controllers\CUsuario->index()
#6 C:\xampp\htdocs\tecmed\system\CodeIgniter.php(399): CodeIgniter\CodeIgniter->runController(Object(App\Controllers\CUsuario))
#7 C:\xampp\htdocs\tecmed\system\CodeIgniter.php(317): CodeIgniter\CodeIgniter->handleRequest(NULL, Object(Config\Cache), false)
#8 C:\xampp\htdocs\tecmed\public\index.php(37): CodeIgniter\CodeIgniter->run()
#9 {main}
CRITICAL - 2023-03-16 13:11:15 --> Undefined array key "login_usuario"
#0 C:\xampp\htdocs\tecmed\app\Views\usuario\VUsuario.php(31): CodeIgniter\Debug\Exceptions->errorHandler(2, 'Undefined array...', 'C:\\xampp\\htdocs...', 31)
#1 C:\xampp\htdocs\tecmed\system\View\View.php(214): include('C:\\xampp\\htdocs...')
#2 C:\xampp\htdocs\tecmed\system\View\View.php(217): CodeIgniter\View\View->CodeIgniter\View\{closure}()
#3 C:\xampp\htdocs\tecmed\system\Common.php(1092): CodeIgniter\View\View->render('/usuario/VUsuar...', Array, true)
#4 C:\xampp\htdocs\tecmed\app\Controllers\CUsuario.php(16): view('/usuario/VUsuar...', Array)
#5 C:\xampp\htdocs\tecmed\system\CodeIgniter.php(802): App\Controllers\CUsuario->index()
#6 C:\xampp\htdocs\tecmed\system\CodeIgniter.php(399): CodeIgniter\CodeIgniter->runController(Object(App\Controllers\CUsuario))
#7 C:\xampp\htdocs\tecmed\system\CodeIgniter.php(317): CodeIgniter\CodeIgniter->handleRequest(NULL, Object(Config\Cache), false)
#8 C:\xampp\htdocs\tecmed\public\index.php(37): CodeIgniter\CodeIgniter->run()
#9 {main}
CRITICAL - 2023-03-16 13:11:47 --> Undefined array key "login_usuario"
#0 C:\xampp\htdocs\tecmed\app\Views\usuario\VUsuario.php(31): CodeIgniter\Debug\Exceptions->errorHandler(2, 'Undefined array...', 'C:\\xampp\\htdocs...', 31)
#1 C:\xampp\htdocs\tecmed\system\View\View.php(214): include('C:\\xampp\\htdocs...')
#2 C:\xampp\htdocs\tecmed\system\View\View.php(217): CodeIgniter\View\View->CodeIgniter\View\{closure}()
#3 C:\xampp\htdocs\tecmed\system\Common.php(1092): CodeIgniter\View\View->render('/usuario/VUsuar...', Array, true)
#4 C:\xampp\htdocs\tecmed\app\Controllers\CUsuario.php(16): view('/usuario/VUsuar...', Array)
#5 C:\xampp\htdocs\tecmed\system\CodeIgniter.php(802): App\Controllers\CUsuario->index()
#6 C:\xampp\htdocs\tecmed\system\CodeIgniter.php(399): CodeIgniter\CodeIgniter->runController(Object(App\Controllers\CUsuario))
#7 C:\xampp\htdocs\tecmed\system\CodeIgniter.php(317): CodeIgniter\CodeIgniter->handleRequest(NULL, Object(Config\Cache), false)
#8 C:\xampp\htdocs\tecmed\public\index.php(37): CodeIgniter\CodeIgniter->run()
#9 {main}
