CRITICAL - 2023-04-09 00:01:09 --> Undefined variable $titulo
#0 C:\xampp\htdocs\tecmed\app\Views\Profesional\nuevosExcel.php(11): CodeIgniter\Debug\Exceptions->errorHandler(2, 'Undefined varia...', 'C:\\xampp\\htdocs...', 11)
#1 C:\xampp\htdocs\tecmed\system\View\View.php(214): include('C:\\xampp\\htdocs...')
#2 C:\xampp\htdocs\tecmed\system\View\View.php(217): CodeIgniter\View\View->CodeIgniter\View\{closure}()
#3 C:\xampp\htdocs\tecmed\system\Common.php(1092): CodeIgniter\View\View->render('profesional/nue...', Array, true)
#4 C:\xampp\htdocs\tecmed\app\Controllers\CProfesional.php(181): view('profesional/nue...')
#5 C:\xampp\htdocs\tecmed\system\CodeIgniter.php(802): App\Controllers\CProfesional->importar_profesionales()
#6 C:\xampp\htdocs\tecmed\system\CodeIgniter.php(399): CodeIgniter\CodeIgniter->runController(Object(App\Controllers\CProfesional))
#7 C:\xampp\htdocs\tecmed\system\CodeIgniter.php(317): CodeIgniter\CodeIgniter->handleRequest(NULL, Object(Config\Cache), false)
#8 C:\xampp\htdocs\tecmed\public\index.php(37): CodeIgniter\CodeIgniter->run()
#9 {main}
CRITICAL - 2023-04-09 00:03:22 --> Undefined variable $titulo
#0 C:\xampp\htdocs\tecmed\app\Views\Profesional\nuevosExcel.php(11): CodeIgniter\Debug\Exceptions->errorHandler(2, 'Undefined varia...', 'C:\\xampp\\htdocs...', 11)
#1 C:\xampp\htdocs\tecmed\system\View\View.php(214): include('C:\\xampp\\htdocs...')
#2 C:\xampp\htdocs\tecmed\system\View\View.php(217): CodeIgniter\View\View->CodeIgniter\View\{closure}()
#3 C:\xampp\htdocs\tecmed\system\Common.php(1092): CodeIgniter\View\View->render('profesional/nue...', Array, true)
#4 C:\xampp\htdocs\tecmed\app\Controllers\CProfesional.php(181): view('profesional/nue...')
#5 C:\xampp\htdocs\tecmed\system\CodeIgniter.php(802): App\Controllers\CProfesional->importar_profesionales()
#6 C:\xampp\htdocs\tecmed\system\CodeIgniter.php(399): CodeIgniter\CodeIgniter->runController(Object(App\Controllers\CProfesional))
#7 C:\xampp\htdocs\tecmed\system\CodeIgniter.php(317): CodeIgniter\CodeIgniter->handleRequest(NULL, Object(Config\Cache), false)
#8 C:\xampp\htdocs\tecmed\public\index.php(37): CodeIgniter\CodeIgniter->run()
#9 {main}
ERROR - 2023-04-09 00:22:55 --> Duplicate entry '' for key 'cedula'
CRITICAL - 2023-04-09 00:22:55 --> Duplicate entry '' for key 'cedula'
#0 C:\xampp\htdocs\tecmed\system\Database\MySQLi\Connection.php(280): mysqli->query('INSERT INTO `pr...')
#1 C:\xampp\htdocs\tecmed\system\Database\BaseConnection.php(663): CodeIgniter\Database\MySQLi\Connection->execute('INSERT INTO `pr...')
#2 C:\xampp\htdocs\tecmed\system\Database\BaseConnection.php(591): CodeIgniter\Database\BaseConnection->simpleQuery('INSERT INTO `pr...')
#3 C:\xampp\htdocs\tecmed\system\Database\BaseBuilder.php(1612): CodeIgniter\Database\BaseConnection->query('INSERT INTO `pr...', Array, false)
#4 C:\xampp\htdocs\tecmed\system\Model.php(272): CodeIgniter\Database\BaseBuilder->insertBatch(Array, NULL, 100)
#5 C:\xampp\htdocs\tecmed\system\BaseModel.php(814): CodeIgniter\Model->doInsertBatch(Array, NULL, 100, false)
#6 C:\xampp\htdocs\tecmed\app\Controllers\CProfesional.php(200): CodeIgniter\BaseModel->insertBatch(Array)
#7 C:\xampp\htdocs\tecmed\system\CodeIgniter.php(802): App\Controllers\CProfesional->guardarExcel()
#8 C:\xampp\htdocs\tecmed\system\CodeIgniter.php(399): CodeIgniter\CodeIgniter->runController(Object(App\Controllers\CProfesional))
#9 C:\xampp\htdocs\tecmed\system\CodeIgniter.php(317): CodeIgniter\CodeIgniter->handleRequest(NULL, Object(Config\Cache), false)
#10 C:\xampp\htdocs\tecmed\public\index.php(37): CodeIgniter\CodeIgniter->run()
#11 {main}
ERROR - 2023-04-09 00:24:09 --> Duplicate entry '' for key 'cedula'
CRITICAL - 2023-04-09 00:24:09 --> Duplicate entry '' for key 'cedula'
#0 C:\xampp\htdocs\tecmed\system\Database\MySQLi\Connection.php(280): mysqli->query('INSERT INTO `pr...')
#1 C:\xampp\htdocs\tecmed\system\Database\BaseConnection.php(663): CodeIgniter\Database\MySQLi\Connection->execute('INSERT INTO `pr...')
#2 C:\xampp\htdocs\tecmed\system\Database\BaseConnection.php(591): CodeIgniter\Database\BaseConnection->simpleQuery('INSERT INTO `pr...')
#3 C:\xampp\htdocs\tecmed\system\Database\BaseBuilder.php(1612): CodeIgniter\Database\BaseConnection->query('INSERT INTO `pr...', Array, false)
#4 C:\xampp\htdocs\tecmed\system\Model.php(272): CodeIgniter\Database\BaseBuilder->insertBatch(Array, NULL, 100)
#5 C:\xampp\htdocs\tecmed\system\BaseModel.php(814): CodeIgniter\Model->doInsertBatch(Array, NULL, 100, false)
#6 C:\xampp\htdocs\tecmed\app\Controllers\CProfesional.php(200): CodeIgniter\BaseModel->insertBatch(Array)
#7 C:\xampp\htdocs\tecmed\system\CodeIgniter.php(802): App\Controllers\CProfesional->guardarExcel()
#8 C:\xampp\htdocs\tecmed\system\CodeIgniter.php(399): CodeIgniter\CodeIgniter->runController(Object(App\Controllers\CProfesional))
#9 C:\xampp\htdocs\tecmed\system\CodeIgniter.php(317): CodeIgniter\CodeIgniter->handleRequest(NULL, Object(Config\Cache), false)
#10 C:\xampp\htdocs\tecmed\public\index.php(37): CodeIgniter\CodeIgniter->run()
#11 {main}
ERROR - 2023-04-09 00:24:55 --> Duplicate entry '' for key 'cedula'
CRITICAL - 2023-04-09 00:24:55 --> Duplicate entry '' for key 'cedula'
#0 C:\xampp\htdocs\tecmed\system\Database\MySQLi\Connection.php(280): mysqli->query('INSERT INTO `pr...')
#1 C:\xampp\htdocs\tecmed\system\Database\BaseConnection.php(663): CodeIgniter\Database\MySQLi\Connection->execute('INSERT INTO `pr...')
#2 C:\xampp\htdocs\tecmed\system\Database\BaseConnection.php(591): CodeIgniter\Database\BaseConnection->simpleQuery('INSERT INTO `pr...')
#3 C:\xampp\htdocs\tecmed\system\Database\BaseBuilder.php(1612): CodeIgniter\Database\BaseConnection->query('INSERT INTO `pr...', Array, false)
#4 C:\xampp\htdocs\tecmed\system\Model.php(272): CodeIgniter\Database\BaseBuilder->insertBatch(Array, NULL, 100)
#5 C:\xampp\htdocs\tecmed\system\BaseModel.php(814): CodeIgniter\Model->doInsertBatch(Array, NULL, 100, false)
#6 C:\xampp\htdocs\tecmed\app\Controllers\CProfesional.php(200): CodeIgniter\BaseModel->insertBatch(Array)
#7 C:\xampp\htdocs\tecmed\system\CodeIgniter.php(802): App\Controllers\CProfesional->guardarExcel()
#8 C:\xampp\htdocs\tecmed\system\CodeIgniter.php(399): CodeIgniter\CodeIgniter->runController(Object(App\Controllers\CProfesional))
#9 C:\xampp\htdocs\tecmed\system\CodeIgniter.php(317): CodeIgniter\CodeIgniter->handleRequest(NULL, Object(Config\Cache), false)
#10 C:\xampp\htdocs\tecmed\public\index.php(37): CodeIgniter\CodeIgniter->run()
#11 {main}
ERROR - 2023-04-09 00:25:02 --> Duplicate entry '' for key 'cedula'
CRITICAL - 2023-04-09 00:25:02 --> Duplicate entry '' for key 'cedula'
#0 C:\xampp\htdocs\tecmed\system\Database\MySQLi\Connection.php(280): mysqli->query('INSERT INTO `pr...')
#1 C:\xampp\htdocs\tecmed\system\Database\BaseConnection.php(663): CodeIgniter\Database\MySQLi\Connection->execute('INSERT INTO `pr...')
#2 C:\xampp\htdocs\tecmed\system\Database\BaseConnection.php(591): CodeIgniter\Database\BaseConnection->simpleQuery('INSERT INTO `pr...')
#3 C:\xampp\htdocs\tecmed\system\Database\BaseBuilder.php(1612): CodeIgniter\Database\BaseConnection->query('INSERT INTO `pr...', Array, false)
#4 C:\xampp\htdocs\tecmed\system\Model.php(272): CodeIgniter\Database\BaseBuilder->insertBatch(Array, NULL, 100)
#5 C:\xampp\htdocs\tecmed\system\BaseModel.php(814): CodeIgniter\Model->doInsertBatch(Array, NULL, 100, false)
#6 C:\xampp\htdocs\tecmed\app\Controllers\CProfesional.php(200): CodeIgniter\BaseModel->insertBatch(Array)
#7 C:\xampp\htdocs\tecmed\system\CodeIgniter.php(802): App\Controllers\CProfesional->guardarExcel()
#8 C:\xampp\htdocs\tecmed\system\CodeIgniter.php(399): CodeIgniter\CodeIgniter->runController(Object(App\Controllers\CProfesional))
#9 C:\xampp\htdocs\tecmed\system\CodeIgniter.php(317): CodeIgniter\CodeIgniter->handleRequest(NULL, Object(Config\Cache), false)
#10 C:\xampp\htdocs\tecmed\public\index.php(37): CodeIgniter\CodeIgniter->run()
#11 {main}
CRITICAL - 2023-04-09 00:33:52 --> Call to a member function isValid() on null
#0 C:\xampp\htdocs\tecmed\system\CodeIgniter.php(802): App\Controllers\CProfesional->guardarExcel()
#1 C:\xampp\htdocs\tecmed\system\CodeIgniter.php(399): CodeIgniter\CodeIgniter->runController(Object(App\Controllers\CProfesional))
#2 C:\xampp\htdocs\tecmed\system\CodeIgniter.php(317): CodeIgniter\CodeIgniter->handleRequest(NULL, Object(Config\Cache), false)
#3 C:\xampp\htdocs\tecmed\public\index.php(37): CodeIgniter\CodeIgniter->run()
#4 {main}
CRITICAL - 2023-04-09 00:34:40 --> Call to a member function getPathname() on null
#0 C:\xampp\htdocs\tecmed\system\CodeIgniter.php(802): App\Controllers\CProfesional->guardarExcel()
#1 C:\xampp\htdocs\tecmed\system\CodeIgniter.php(399): CodeIgniter\CodeIgniter->runController(Object(App\Controllers\CProfesional))
#2 C:\xampp\htdocs\tecmed\system\CodeIgniter.php(317): CodeIgniter\CodeIgniter->handleRequest(NULL, Object(Config\Cache), false)
#3 C:\xampp\htdocs\tecmed\public\index.php(37): CodeIgniter\CodeIgniter->run()
#4 {main}
CRITICAL - 2023-04-09 00:36:21 --> Undefined array key "B"
#0 C:\xampp\htdocs\tecmed\app\Controllers\CProfesional.php(164): CodeIgniter\Debug\Exceptions->errorHandler(2, 'Undefined array...', 'C:\\xampp\\htdocs...', 164)
#1 C:\xampp\htdocs\tecmed\system\CodeIgniter.php(802): App\Controllers\CProfesional->guardarExcel()
#2 C:\xampp\htdocs\tecmed\system\CodeIgniter.php(399): CodeIgniter\CodeIgniter->runController(Object(App\Controllers\CProfesional))
#3 C:\xampp\htdocs\tecmed\system\CodeIgniter.php(317): CodeIgniter\CodeIgniter->handleRequest(NULL, Object(Config\Cache), false)
#4 C:\xampp\htdocs\tecmed\public\index.php(37): CodeIgniter\CodeIgniter->run()
#5 {main}
CRITICAL - 2023-04-09 00:37:05 --> Undefined array key "C"
#0 C:\xampp\htdocs\tecmed\app\Controllers\CProfesional.php(164): CodeIgniter\Debug\Exceptions->errorHandler(2, 'Undefined array...', 'C:\\xampp\\htdocs...', 164)
#1 C:\xampp\htdocs\tecmed\system\CodeIgniter.php(802): App\Controllers\CProfesional->guardarExcel()
#2 C:\xampp\htdocs\tecmed\system\CodeIgniter.php(399): CodeIgniter\CodeIgniter->runController(Object(App\Controllers\CProfesional))
#3 C:\xampp\htdocs\tecmed\system\CodeIgniter.php(317): CodeIgniter\CodeIgniter->handleRequest(NULL, Object(Config\Cache), false)
#4 C:\xampp\htdocs\tecmed\public\index.php(37): CodeIgniter\CodeIgniter->run()
#5 {main}
CRITICAL - 2023-04-09 00:41:34 --> Undefined array key "B"
#0 C:\xampp\htdocs\tecmed\app\Controllers\CProfesional.php(164): CodeIgniter\Debug\Exceptions->errorHandler(2, 'Undefined array...', 'C:\\xampp\\htdocs...', 164)
#1 C:\xampp\htdocs\tecmed\system\CodeIgniter.php(802): App\Controllers\CProfesional->guardarExcel()
#2 C:\xampp\htdocs\tecmed\system\CodeIgniter.php(399): CodeIgniter\CodeIgniter->runController(Object(App\Controllers\CProfesional))
#3 C:\xampp\htdocs\tecmed\system\CodeIgniter.php(317): CodeIgniter\CodeIgniter->handleRequest(NULL, Object(Config\Cache), false)
#4 C:\xampp\htdocs\tecmed\public\index.php(37): CodeIgniter\CodeIgniter->run()
#5 {main}
ERROR - 2023-04-09 01:01:07 --> Duplicate entry '' for key 'cedula'
CRITICAL - 2023-04-09 01:01:07 --> Duplicate entry '' for key 'cedula'
#0 C:\xampp\htdocs\tecmed\system\Database\MySQLi\Connection.php(280): mysqli->query('INSERT INTO `pr...')
#1 C:\xampp\htdocs\tecmed\system\Database\BaseConnection.php(663): CodeIgniter\Database\MySQLi\Connection->execute('INSERT INTO `pr...')
#2 C:\xampp\htdocs\tecmed\system\Database\BaseConnection.php(591): CodeIgniter\Database\BaseConnection->simpleQuery('INSERT INTO `pr...')
#3 C:\xampp\htdocs\tecmed\system\Database\BaseBuilder.php(1733): CodeIgniter\Database\BaseConnection->query('INSERT INTO `pr...', Array, false)
#4 C:\xampp\htdocs\tecmed\system\Model.php(239): CodeIgniter\Database\BaseBuilder->insert()
#5 C:\xampp\htdocs\tecmed\system\BaseModel.php(738): CodeIgniter\Model->doInsert(Array)
#6 C:\xampp\htdocs\tecmed\system\Model.php(620): CodeIgniter\BaseModel->insert(Array, true)
#7 C:\xampp\htdocs\tecmed\app\Controllers\CProfesional.php(178): CodeIgniter\Model->insert(Array)
#8 C:\xampp\htdocs\tecmed\system\CodeIgniter.php(802): App\Controllers\CProfesional->guardarExcel()
#9 C:\xampp\htdocs\tecmed\system\CodeIgniter.php(399): CodeIgniter\CodeIgniter->runController(Object(App\Controllers\CProfesional))
#10 C:\xampp\htdocs\tecmed\system\CodeIgniter.php(317): CodeIgniter\CodeIgniter->handleRequest(NULL, Object(Config\Cache), false)
#11 C:\xampp\htdocs\tecmed\public\index.php(37): CodeIgniter\CodeIgniter->run()
#12 {main}
ERROR - 2023-04-09 01:02:44 --> Duplicate entry '' for key 'cedula'
CRITICAL - 2023-04-09 01:02:44 --> Duplicate entry '' for key 'cedula'
#0 C:\xampp\htdocs\tecmed\system\Database\MySQLi\Connection.php(280): mysqli->query('INSERT INTO `pr...')
#1 C:\xampp\htdocs\tecmed\system\Database\BaseConnection.php(663): CodeIgniter\Database\MySQLi\Connection->execute('INSERT INTO `pr...')
#2 C:\xampp\htdocs\tecmed\system\Database\BaseConnection.php(591): CodeIgniter\Database\BaseConnection->simpleQuery('INSERT INTO `pr...')
#3 C:\xampp\htdocs\tecmed\system\Database\BaseBuilder.php(1733): CodeIgniter\Database\BaseConnection->query('INSERT INTO `pr...', Array, false)
#4 C:\xampp\htdocs\tecmed\system\Model.php(239): CodeIgniter\Database\BaseBuilder->insert()
#5 C:\xampp\htdocs\tecmed\system\BaseModel.php(738): CodeIgniter\Model->doInsert(Array)
#6 C:\xampp\htdocs\tecmed\system\Model.php(620): CodeIgniter\BaseModel->insert(Array, true)
#7 C:\xampp\htdocs\tecmed\app\Controllers\CProfesional.php(178): CodeIgniter\Model->insert(Array)
#8 C:\xampp\htdocs\tecmed\system\CodeIgniter.php(802): App\Controllers\CProfesional->guardarExcel()
#9 C:\xampp\htdocs\tecmed\system\CodeIgniter.php(399): CodeIgniter\CodeIgniter->runController(Object(App\Controllers\CProfesional))
#10 C:\xampp\htdocs\tecmed\system\CodeIgniter.php(317): CodeIgniter\CodeIgniter->handleRequest(NULL, Object(Config\Cache), false)
#11 C:\xampp\htdocs\tecmed\public\index.php(37): CodeIgniter\CodeIgniter->run()
#12 {main}
ERROR - 2023-04-09 01:04:05 --> Duplicate entry '' for key 'cedula'
CRITICAL - 2023-04-09 01:04:05 --> Duplicate entry '' for key 'cedula'
#0 C:\xampp\htdocs\tecmed\system\Database\MySQLi\Connection.php(280): mysqli->query('INSERT INTO `pr...')
#1 C:\xampp\htdocs\tecmed\system\Database\BaseConnection.php(663): CodeIgniter\Database\MySQLi\Connection->execute('INSERT INTO `pr...')
#2 C:\xampp\htdocs\tecmed\system\Database\BaseConnection.php(591): CodeIgniter\Database\BaseConnection->simpleQuery('INSERT INTO `pr...')
#3 C:\xampp\htdocs\tecmed\system\Database\BaseBuilder.php(1733): CodeIgniter\Database\BaseConnection->query('INSERT INTO `pr...', Array, false)
#4 C:\xampp\htdocs\tecmed\system\Model.php(239): CodeIgniter\Database\BaseBuilder->insert()
#5 C:\xampp\htdocs\tecmed\system\BaseModel.php(738): CodeIgniter\Model->doInsert(Array)
#6 C:\xampp\htdocs\tecmed\system\Model.php(620): CodeIgniter\BaseModel->insert(Array, true)
#7 C:\xampp\htdocs\tecmed\app\Controllers\CProfesional.php(178): CodeIgniter\Model->insert(Array)
#8 C:\xampp\htdocs\tecmed\system\CodeIgniter.php(802): App\Controllers\CProfesional->guardarExcel()
#9 C:\xampp\htdocs\tecmed\system\CodeIgniter.php(399): CodeIgniter\CodeIgniter->runController(Object(App\Controllers\CProfesional))
#10 C:\xampp\htdocs\tecmed\system\CodeIgniter.php(317): CodeIgniter\CodeIgniter->handleRequest(NULL, Object(Config\Cache), false)
#11 C:\xampp\htdocs\tecmed\public\index.php(37): CodeIgniter\CodeIgniter->run()
#12 {main}
ERROR - 2023-04-09 01:05:02 --> Duplicate entry '45678' for key 'cedula'
CRITICAL - 2023-04-09 01:05:02 --> Duplicate entry '45678' for key 'cedula'
#0 C:\xampp\htdocs\tecmed\system\Database\MySQLi\Connection.php(280): mysqli->query('INSERT INTO `pr...')
#1 C:\xampp\htdocs\tecmed\system\Database\BaseConnection.php(663): CodeIgniter\Database\MySQLi\Connection->execute('INSERT INTO `pr...')
#2 C:\xampp\htdocs\tecmed\system\Database\BaseConnection.php(591): CodeIgniter\Database\BaseConnection->simpleQuery('INSERT INTO `pr...')
#3 C:\xampp\htdocs\tecmed\system\Database\BaseBuilder.php(1733): CodeIgniter\Database\BaseConnection->query('INSERT INTO `pr...', Array, false)
#4 C:\xampp\htdocs\tecmed\system\Model.php(239): CodeIgniter\Database\BaseBuilder->insert()
#5 C:\xampp\htdocs\tecmed\system\BaseModel.php(738): CodeIgniter\Model->doInsert(Array)
#6 C:\xampp\htdocs\tecmed\system\Model.php(620): CodeIgniter\BaseModel->insert(Array, true)
#7 C:\xampp\htdocs\tecmed\app\Controllers\CProfesional.php(178): CodeIgniter\Model->insert(Array)
#8 C:\xampp\htdocs\tecmed\system\CodeIgniter.php(802): App\Controllers\CProfesional->guardarExcel()
#9 C:\xampp\htdocs\tecmed\system\CodeIgniter.php(399): CodeIgniter\CodeIgniter->runController(Object(App\Controllers\CProfesional))
#10 C:\xampp\htdocs\tecmed\system\CodeIgniter.php(317): CodeIgniter\CodeIgniter->handleRequest(NULL, Object(Config\Cache), false)
#11 C:\xampp\htdocs\tecmed\public\index.php(37): CodeIgniter\CodeIgniter->run()
#12 {main}
ERROR - 2023-04-09 01:05:31 --> Duplicate entry '' for key 'cedula'
CRITICAL - 2023-04-09 01:05:31 --> Duplicate entry '' for key 'cedula'
#0 C:\xampp\htdocs\tecmed\system\Database\MySQLi\Connection.php(280): mysqli->query('INSERT INTO `pr...')
#1 C:\xampp\htdocs\tecmed\system\Database\BaseConnection.php(663): CodeIgniter\Database\MySQLi\Connection->execute('INSERT INTO `pr...')
#2 C:\xampp\htdocs\tecmed\system\Database\BaseConnection.php(591): CodeIgniter\Database\BaseConnection->simpleQuery('INSERT INTO `pr...')
#3 C:\xampp\htdocs\tecmed\system\Database\BaseBuilder.php(1733): CodeIgniter\Database\BaseConnection->query('INSERT INTO `pr...', Array, false)
#4 C:\xampp\htdocs\tecmed\system\Model.php(239): CodeIgniter\Database\BaseBuilder->insert()
#5 C:\xampp\htdocs\tecmed\system\BaseModel.php(738): CodeIgniter\Model->doInsert(Array)
#6 C:\xampp\htdocs\tecmed\system\Model.php(620): CodeIgniter\BaseModel->insert(Array, true)
#7 C:\xampp\htdocs\tecmed\app\Controllers\CProfesional.php(178): CodeIgniter\Model->insert(Array)
#8 C:\xampp\htdocs\tecmed\system\CodeIgniter.php(802): App\Controllers\CProfesional->guardarExcel()
#9 C:\xampp\htdocs\tecmed\system\CodeIgniter.php(399): CodeIgniter\CodeIgniter->runController(Object(App\Controllers\CProfesional))
#10 C:\xampp\htdocs\tecmed\system\CodeIgniter.php(317): CodeIgniter\CodeIgniter->handleRequest(NULL, Object(Config\Cache), false)
#11 C:\xampp\htdocs\tecmed\public\index.php(37): CodeIgniter\CodeIgniter->run()
#12 {main}
ERROR - 2023-04-09 01:06:45 --> Duplicate entry '' for key 'cedula'
CRITICAL - 2023-04-09 01:06:45 --> Duplicate entry '' for key 'cedula'
#0 C:\xampp\htdocs\tecmed\system\Database\MySQLi\Connection.php(280): mysqli->query('INSERT INTO `pr...')
#1 C:\xampp\htdocs\tecmed\system\Database\BaseConnection.php(663): CodeIgniter\Database\MySQLi\Connection->execute('INSERT INTO `pr...')
#2 C:\xampp\htdocs\tecmed\system\Database\BaseConnection.php(591): CodeIgniter\Database\BaseConnection->simpleQuery('INSERT INTO `pr...')
#3 C:\xampp\htdocs\tecmed\system\Database\BaseBuilder.php(1733): CodeIgniter\Database\BaseConnection->query('INSERT INTO `pr...', Array, false)
#4 C:\xampp\htdocs\tecmed\system\Model.php(239): CodeIgniter\Database\BaseBuilder->insert()
#5 C:\xampp\htdocs\tecmed\system\BaseModel.php(738): CodeIgniter\Model->doInsert(Array)
#6 C:\xampp\htdocs\tecmed\system\Model.php(620): CodeIgniter\BaseModel->insert(Array, true)
#7 C:\xampp\htdocs\tecmed\app\Controllers\CProfesional.php(178): CodeIgniter\Model->insert(Array)
#8 C:\xampp\htdocs\tecmed\system\CodeIgniter.php(802): App\Controllers\CProfesional->guardarExcel()
#9 C:\xampp\htdocs\tecmed\system\CodeIgniter.php(399): CodeIgniter\CodeIgniter->runController(Object(App\Controllers\CProfesional))
#10 C:\xampp\htdocs\tecmed\system\CodeIgniter.php(317): CodeIgniter\CodeIgniter->handleRequest(NULL, Object(Config\Cache), false)
#11 C:\xampp\htdocs\tecmed\public\index.php(37): CodeIgniter\CodeIgniter->run()
#12 {main}
ERROR - 2023-04-09 01:08:07 --> Duplicate entry '' for key 'cedula'
CRITICAL - 2023-04-09 01:08:07 --> Duplicate entry '' for key 'cedula'
#0 C:\xampp\htdocs\tecmed\system\Database\MySQLi\Connection.php(280): mysqli->query('INSERT INTO `pr...')
#1 C:\xampp\htdocs\tecmed\system\Database\BaseConnection.php(663): CodeIgniter\Database\MySQLi\Connection->execute('INSERT INTO `pr...')
#2 C:\xampp\htdocs\tecmed\system\Database\BaseConnection.php(591): CodeIgniter\Database\BaseConnection->simpleQuery('INSERT INTO `pr...')
#3 C:\xampp\htdocs\tecmed\system\Database\BaseBuilder.php(1733): CodeIgniter\Database\BaseConnection->query('INSERT INTO `pr...', Array, false)
#4 C:\xampp\htdocs\tecmed\system\Model.php(239): CodeIgniter\Database\BaseBuilder->insert()
#5 C:\xampp\htdocs\tecmed\system\BaseModel.php(738): CodeIgniter\Model->doInsert(Array)
#6 C:\xampp\htdocs\tecmed\system\Model.php(620): CodeIgniter\BaseModel->insert(Array, true)
#7 C:\xampp\htdocs\tecmed\app\Controllers\CProfesional.php(178): CodeIgniter\Model->insert(Array)
#8 C:\xampp\htdocs\tecmed\system\CodeIgniter.php(802): App\Controllers\CProfesional->guardarExcel()
#9 C:\xampp\htdocs\tecmed\system\CodeIgniter.php(399): CodeIgniter\CodeIgniter->runController(Object(App\Controllers\CProfesional))
#10 C:\xampp\htdocs\tecmed\system\CodeIgniter.php(317): CodeIgniter\CodeIgniter->handleRequest(NULL, Object(Config\Cache), false)
#11 C:\xampp\htdocs\tecmed\public\index.php(37): CodeIgniter\CodeIgniter->run()
#12 {main}
ERROR - 2023-04-09 01:15:56 --> Duplicate entry '45678' for key 'cedula'
CRITICAL - 2023-04-09 01:15:56 --> Duplicate entry '45678' for key 'cedula'
#0 C:\xampp\htdocs\tecmed\system\Database\MySQLi\Connection.php(280): mysqli->query('INSERT INTO `pr...')
#1 C:\xampp\htdocs\tecmed\system\Database\BaseConnection.php(663): CodeIgniter\Database\MySQLi\Connection->execute('INSERT INTO `pr...')
#2 C:\xampp\htdocs\tecmed\system\Database\BaseConnection.php(591): CodeIgniter\Database\BaseConnection->simpleQuery('INSERT INTO `pr...')
#3 C:\xampp\htdocs\tecmed\system\Database\BaseBuilder.php(1733): CodeIgniter\Database\BaseConnection->query('INSERT INTO `pr...', Array, false)
#4 C:\xampp\htdocs\tecmed\system\Model.php(239): CodeIgniter\Database\BaseBuilder->insert()
#5 C:\xampp\htdocs\tecmed\system\BaseModel.php(738): CodeIgniter\Model->doInsert(Array)
#6 C:\xampp\htdocs\tecmed\system\Model.php(620): CodeIgniter\BaseModel->insert(Array, true)
#7 C:\xampp\htdocs\tecmed\app\Controllers\CProfesional.php(179): CodeIgniter\Model->insert(Array)
#8 C:\xampp\htdocs\tecmed\system\CodeIgniter.php(802): App\Controllers\CProfesional->guardarExcel()
#9 C:\xampp\htdocs\tecmed\system\CodeIgniter.php(399): CodeIgniter\CodeIgniter->runController(Object(App\Controllers\CProfesional))
#10 C:\xampp\htdocs\tecmed\system\CodeIgniter.php(317): CodeIgniter\CodeIgniter->handleRequest(NULL, Object(Config\Cache), false)
#11 C:\xampp\htdocs\tecmed\public\index.php(37): CodeIgniter\CodeIgniter->run()
#12 {main}
CRITICAL - 2023-04-09 01:26:44 --> Object of class PhpOffice\PhpSpreadsheet\Cell\Cell could not be converted to int
#0 C:\xampp\htdocs\tecmed\vendor\phpoffice\phpspreadsheet\src\PhpSpreadsheet\Shared\Date.php(208): CodeIgniter\Debug\Exceptions->errorHandler(8, 'Object of class...', 'C:\\xampp\\htdocs...', 208)
#1 C:\xampp\htdocs\tecmed\app\Controllers\CProfesional.php(164): PhpOffice\PhpSpreadsheet\Shared\Date::excelToDateTimeObject(Object(PhpOffice\PhpSpreadsheet\Cell\Cell))
#2 C:\xampp\htdocs\tecmed\system\CodeIgniter.php(802): App\Controllers\CProfesional->guardarExcel()
#3 C:\xampp\htdocs\tecmed\system\CodeIgniter.php(399): CodeIgniter\CodeIgniter->runController(Object(App\Controllers\CProfesional))
#4 C:\xampp\htdocs\tecmed\system\CodeIgniter.php(317): CodeIgniter\CodeIgniter->handleRequest(NULL, Object(Config\Cache), false)
#5 C:\xampp\htdocs\tecmed\public\index.php(37): CodeIgniter\CodeIgniter->run()
#6 {main}
CRITICAL - 2023-04-09 01:29:40 --> Object of class PhpOffice\PhpSpreadsheet\Cell\Cell could not be converted to int
#0 C:\xampp\htdocs\tecmed\vendor\phpoffice\phpspreadsheet\src\PhpSpreadsheet\Shared\Date.php(208): CodeIgniter\Debug\Exceptions->errorHandler(8, 'Object of class...', 'C:\\xampp\\htdocs...', 208)
#1 C:\xampp\htdocs\tecmed\app\Controllers\CProfesional.php(164): PhpOffice\PhpSpreadsheet\Shared\Date::excelToDateTimeObject(Object(PhpOffice\PhpSpreadsheet\Cell\Cell))
#2 C:\xampp\htdocs\tecmed\system\CodeIgniter.php(802): App\Controllers\CProfesional->guardarExcel()
#3 C:\xampp\htdocs\tecmed\system\CodeIgniter.php(399): CodeIgniter\CodeIgniter->runController(Object(App\Controllers\CProfesional))
#4 C:\xampp\htdocs\tecmed\system\CodeIgniter.php(317): CodeIgniter\CodeIgniter->handleRequest(NULL, Object(Config\Cache), false)
#5 C:\xampp\htdocs\tecmed\public\index.php(37): CodeIgniter\CodeIgniter->run()
#6 {main}
CRITICAL - 2023-04-09 01:38:03 --> Object of class PhpOffice\PhpSpreadsheet\Cell\Cell could not be converted to int
#0 C:\xampp\htdocs\tecmed\vendor\phpoffice\phpspreadsheet\src\PhpSpreadsheet\Shared\Date.php(208): CodeIgniter\Debug\Exceptions->errorHandler(8, 'Object of class...', 'C:\\xampp\\htdocs...', 208)
#1 C:\xampp\htdocs\tecmed\vendor\phpoffice\phpspreadsheet\src\PhpSpreadsheet\Shared\Date.php(255): PhpOffice\PhpSpreadsheet\Shared\Date::excelToDateTimeObject(Object(PhpOffice\PhpSpreadsheet\Cell\Cell), Object(DateTimeZone))
#2 C:\xampp\htdocs\tecmed\app\Controllers\CProfesional.php(159): PhpOffice\PhpSpreadsheet\Shared\Date::excelToTimestamp(Object(PhpOffice\PhpSpreadsheet\Cell\Cell))
#3 C:\xampp\htdocs\tecmed\app\Controllers\CProfesional.php(177): App\Controllers\CProfesional->convertirFecha(Object(PhpOffice\PhpSpreadsheet\Cell\Cell))
#4 C:\xampp\htdocs\tecmed\system\CodeIgniter.php(802): App\Controllers\CProfesional->guardarExcel()
#5 C:\xampp\htdocs\tecmed\system\CodeIgniter.php(399): CodeIgniter\CodeIgniter->runController(Object(App\Controllers\CProfesional))
#6 C:\xampp\htdocs\tecmed\system\CodeIgniter.php(317): CodeIgniter\CodeIgniter->handleRequest(NULL, Object(Config\Cache), false)
#7 C:\xampp\htdocs\tecmed\public\index.php(37): CodeIgniter\CodeIgniter->run()
#8 {main}
CRITICAL - 2023-04-09 01:38:48 --> Object of class PhpOffice\PhpSpreadsheet\Cell\Cell could not be converted to int
#0 C:\xampp\htdocs\tecmed\vendor\phpoffice\phpspreadsheet\src\PhpSpreadsheet\Shared\Date.php(208): CodeIgniter\Debug\Exceptions->errorHandler(8, 'Object of class...', 'C:\\xampp\\htdocs...', 208)
#1 C:\xampp\htdocs\tecmed\vendor\phpoffice\phpspreadsheet\src\PhpSpreadsheet\Shared\Date.php(255): PhpOffice\PhpSpreadsheet\Shared\Date::excelToDateTimeObject(Object(PhpOffice\PhpSpreadsheet\Cell\Cell), Object(DateTimeZone))
#2 C:\xampp\htdocs\tecmed\app\Controllers\CProfesional.php(159): PhpOffice\PhpSpreadsheet\Shared\Date::excelToTimestamp(Object(PhpOffice\PhpSpreadsheet\Cell\Cell))
#3 C:\xampp\htdocs\tecmed\app\Controllers\CProfesional.php(177): App\Controllers\CProfesional->convertirFecha(Object(PhpOffice\PhpSpreadsheet\Cell\Cell))
#4 C:\xampp\htdocs\tecmed\system\CodeIgniter.php(802): App\Controllers\CProfesional->guardarExcel()
#5 C:\xampp\htdocs\tecmed\system\CodeIgniter.php(399): CodeIgniter\CodeIgniter->runController(Object(App\Controllers\CProfesional))
#6 C:\xampp\htdocs\tecmed\system\CodeIgniter.php(317): CodeIgniter\CodeIgniter->handleRequest(NULL, Object(Config\Cache), false)
#7 C:\xampp\htdocs\tecmed\public\index.php(37): CodeIgniter\CodeIgniter->run()
#8 {main}
CRITICAL - 2023-04-09 01:45:53 --> Object of class PhpOffice\PhpSpreadsheet\Cell\Cell could not be converted to int
#0 C:\xampp\htdocs\tecmed\vendor\phpoffice\phpspreadsheet\src\PhpSpreadsheet\Shared\Date.php(208): CodeIgniter\Debug\Exceptions->errorHandler(8, 'Object of class...', 'C:\\xampp\\htdocs...', 208)
#1 C:\xampp\htdocs\tecmed\vendor\phpoffice\phpspreadsheet\src\PhpSpreadsheet\Shared\Date.php(255): PhpOffice\PhpSpreadsheet\Shared\Date::excelToDateTimeObject(Object(PhpOffice\PhpSpreadsheet\Cell\Cell), Object(DateTimeZone))
#2 C:\xampp\htdocs\tecmed\app\Controllers\CProfesional.php(159): PhpOffice\PhpSpreadsheet\Shared\Date::excelToTimestamp(Object(PhpOffice\PhpSpreadsheet\Cell\Cell))
#3 C:\xampp\htdocs\tecmed\app\Controllers\CProfesional.php(177): App\Controllers\CProfesional->convertirFecha(Object(PhpOffice\PhpSpreadsheet\Cell\Cell))
#4 C:\xampp\htdocs\tecmed\system\CodeIgniter.php(802): App\Controllers\CProfesional->guardarExcel()
#5 C:\xampp\htdocs\tecmed\system\CodeIgniter.php(399): CodeIgniter\CodeIgniter->runController(Object(App\Controllers\CProfesional))
#6 C:\xampp\htdocs\tecmed\system\CodeIgniter.php(317): CodeIgniter\CodeIgniter->handleRequest(NULL, Object(Config\Cache), false)
#7 C:\xampp\htdocs\tecmed\public\index.php(37): CodeIgniter\CodeIgniter->run()
#8 {main}
ERROR - 2023-04-09 01:48:11 --> Duplicate entry '45678' for key 'cedula'
CRITICAL - 2023-04-09 01:48:11 --> Duplicate entry '45678' for key 'cedula'
#0 C:\xampp\htdocs\tecmed\system\Database\MySQLi\Connection.php(280): mysqli->query('INSERT INTO `pr...')
#1 C:\xampp\htdocs\tecmed\system\Database\BaseConnection.php(663): CodeIgniter\Database\MySQLi\Connection->execute('INSERT INTO `pr...')
#2 C:\xampp\htdocs\tecmed\system\Database\BaseConnection.php(591): CodeIgniter\Database\BaseConnection->simpleQuery('INSERT INTO `pr...')
#3 C:\xampp\htdocs\tecmed\system\Database\BaseBuilder.php(1733): CodeIgniter\Database\BaseConnection->query('INSERT INTO `pr...', Array, false)
#4 C:\xampp\htdocs\tecmed\system\Model.php(239): CodeIgniter\Database\BaseBuilder->insert()
#5 C:\xampp\htdocs\tecmed\system\BaseModel.php(738): CodeIgniter\Model->doInsert(Array)
#6 C:\xampp\htdocs\tecmed\system\Model.php(620): CodeIgniter\BaseModel->insert(Array, true)
#7 C:\xampp\htdocs\tecmed\app\Controllers\CProfesional.php(197): CodeIgniter\Model->insert(Array)
#8 C:\xampp\htdocs\tecmed\system\CodeIgniter.php(802): App\Controllers\CProfesional->guardarExcel()
#9 C:\xampp\htdocs\tecmed\system\CodeIgniter.php(399): CodeIgniter\CodeIgniter->runController(Object(App\Controllers\CProfesional))
#10 C:\xampp\htdocs\tecmed\system\CodeIgniter.php(317): CodeIgniter\CodeIgniter->handleRequest(NULL, Object(Config\Cache), false)
#11 C:\xampp\htdocs\tecmed\public\index.php(37): CodeIgniter\CodeIgniter->run()
#12 {main}
ERROR - 2023-04-09 02:04:29 --> Duplicate entry '45678' for key 'cedula'
CRITICAL - 2023-04-09 02:04:29 --> Duplicate entry '45678' for key 'cedula'
#0 C:\xampp\htdocs\tecmed\system\Database\MySQLi\Connection.php(280): mysqli->query('INSERT INTO `pr...')
#1 C:\xampp\htdocs\tecmed\system\Database\BaseConnection.php(663): CodeIgniter\Database\MySQLi\Connection->execute('INSERT INTO `pr...')
#2 C:\xampp\htdocs\tecmed\system\Database\BaseConnection.php(591): CodeIgniter\Database\BaseConnection->simpleQuery('INSERT INTO `pr...')
#3 C:\xampp\htdocs\tecmed\system\Database\BaseBuilder.php(1733): CodeIgniter\Database\BaseConnection->query('INSERT INTO `pr...', Array, false)
#4 C:\xampp\htdocs\tecmed\system\Model.php(239): CodeIgniter\Database\BaseBuilder->insert()
#5 C:\xampp\htdocs\tecmed\system\BaseModel.php(738): CodeIgniter\Model->doInsert(Array)
#6 C:\xampp\htdocs\tecmed\system\Model.php(620): CodeIgniter\BaseModel->insert(Array, true)
#7 C:\xampp\htdocs\tecmed\app\Controllers\CProfesional.php(194): CodeIgniter\Model->insert(Array)
#8 C:\xampp\htdocs\tecmed\system\CodeIgniter.php(802): App\Controllers\CProfesional->guardarExcel()
#9 C:\xampp\htdocs\tecmed\system\CodeIgniter.php(399): CodeIgniter\CodeIgniter->runController(Object(App\Controllers\CProfesional))
#10 C:\xampp\htdocs\tecmed\system\CodeIgniter.php(317): CodeIgniter\CodeIgniter->handleRequest(NULL, Object(Config\Cache), false)
#11 C:\xampp\htdocs\tecmed\public\index.php(37): CodeIgniter\CodeIgniter->run()
#12 {main}
CRITICAL - 2023-04-09 02:18:52 --> Undefined variable $titulo
#0 C:\xampp\htdocs\tecmed\app\Views\Profesional\nuevosExcel.php(19): CodeIgniter\Debug\Exceptions->errorHandler(2, 'Undefined varia...', 'C:\\xampp\\htdocs...', 19)
#1 C:\xampp\htdocs\tecmed\system\View\View.php(214): include('C:\\xampp\\htdocs...')
#2 C:\xampp\htdocs\tecmed\system\View\View.php(217): CodeIgniter\View\View->CodeIgniter\View\{closure}()
#3 C:\xampp\htdocs\tecmed\system\Common.php(1092): CodeIgniter\View\View->render('profesional/nue...', Array, true)
#4 C:\xampp\htdocs\tecmed\app\Controllers\CProfesional.php(211): view('profesional/nue...', Array)
#5 C:\xampp\htdocs\tecmed\system\CodeIgniter.php(802): App\Controllers\CProfesional->guardarExcel()
#6 C:\xampp\htdocs\tecmed\system\CodeIgniter.php(399): CodeIgniter\CodeIgniter->runController(Object(App\Controllers\CProfesional))
#7 C:\xampp\htdocs\tecmed\system\CodeIgniter.php(317): CodeIgniter\CodeIgniter->handleRequest(NULL, Object(Config\Cache), false)
#8 C:\xampp\htdocs\tecmed\public\index.php(37): CodeIgniter\CodeIgniter->run()
#9 {main}
CRITICAL - 2023-04-09 02:19:24 --> Undefined variable $titulo
#0 C:\xampp\htdocs\tecmed\app\Views\Profesional\nuevosExcel.php(19): CodeIgniter\Debug\Exceptions->errorHandler(2, 'Undefined varia...', 'C:\\xampp\\htdocs...', 19)
#1 C:\xampp\htdocs\tecmed\system\View\View.php(214): include('C:\\xampp\\htdocs...')
#2 C:\xampp\htdocs\tecmed\system\View\View.php(217): CodeIgniter\View\View->CodeIgniter\View\{closure}()
#3 C:\xampp\htdocs\tecmed\system\Common.php(1092): CodeIgniter\View\View->render('profesional/nue...', Array, true)
#4 C:\xampp\htdocs\tecmed\app\Controllers\CProfesional.php(212): view('profesional/nue...', Array, Array)
#5 C:\xampp\htdocs\tecmed\system\CodeIgniter.php(802): App\Controllers\CProfesional->guardarExcel()
#6 C:\xampp\htdocs\tecmed\system\CodeIgniter.php(399): CodeIgniter\CodeIgniter->runController(Object(App\Controllers\CProfesional))
#7 C:\xampp\htdocs\tecmed\system\CodeIgniter.php(317): CodeIgniter\CodeIgniter->handleRequest(NULL, Object(Config\Cache), false)
#8 C:\xampp\htdocs\tecmed\public\index.php(37): CodeIgniter\CodeIgniter->run()
#9 {main}
CRITICAL - 2023-04-09 02:19:33 --> Undefined variable $titulo
#0 C:\xampp\htdocs\tecmed\app\Views\Profesional\nuevosExcel.php(19): CodeIgniter\Debug\Exceptions->errorHandler(2, 'Undefined varia...', 'C:\\xampp\\htdocs...', 19)
#1 C:\xampp\htdocs\tecmed\system\View\View.php(214): include('C:\\xampp\\htdocs...')
#2 C:\xampp\htdocs\tecmed\system\View\View.php(217): CodeIgniter\View\View->CodeIgniter\View\{closure}()
#3 C:\xampp\htdocs\tecmed\system\Common.php(1092): CodeIgniter\View\View->render('profesional/nue...', Array, true)
#4 C:\xampp\htdocs\tecmed\app\Controllers\CProfesional.php(212): view('profesional/nue...', Array, Array)
#5 C:\xampp\htdocs\tecmed\system\CodeIgniter.php(802): App\Controllers\CProfesional->guardarExcel()
#6 C:\xampp\htdocs\tecmed\system\CodeIgniter.php(399): CodeIgniter\CodeIgniter->runController(Object(App\Controllers\CProfesional))
#7 C:\xampp\htdocs\tecmed\system\CodeIgniter.php(317): CodeIgniter\CodeIgniter->handleRequest(NULL, Object(Config\Cache), false)
#8 C:\xampp\htdocs\tecmed\public\index.php(37): CodeIgniter\CodeIgniter->run()
#9 {main}
CRITICAL - 2023-04-09 10:03:27 --> Undefined variable $titulo
#0 C:\xampp\htdocs\tecmed\app\Views\Profesional\nuevosExcel.php(19): CodeIgniter\Debug\Exceptions->errorHandler(2, 'Undefined varia...', 'C:\\xampp\\htdocs...', 19)
#1 C:\xampp\htdocs\tecmed\system\View\View.php(214): include('C:\\xampp\\htdocs...')
#2 C:\xampp\htdocs\tecmed\system\View\View.php(217): CodeIgniter\View\View->CodeIgniter\View\{closure}()
#3 C:\xampp\htdocs\tecmed\system\Common.php(1092): CodeIgniter\View\View->render('profesional/nue...', Array, true)
#4 C:\xampp\htdocs\tecmed\app\Controllers\CProfesional.php(212): view('profesional/nue...', Array, Array)
#5 C:\xampp\htdocs\tecmed\system\CodeIgniter.php(802): App\Controllers\CProfesional->guardarExcel()
#6 C:\xampp\htdocs\tecmed\system\CodeIgniter.php(399): CodeIgniter\CodeIgniter->runController(Object(App\Controllers\CProfesional))
#7 C:\xampp\htdocs\tecmed\system\CodeIgniter.php(317): CodeIgniter\CodeIgniter->handleRequest(NULL, Object(Config\Cache), false)
#8 C:\xampp\htdocs\tecmed\public\index.php(37): CodeIgniter\CodeIgniter->run()
#9 {main}
CRITICAL - 2023-04-09 10:04:40 --> Undefined variable $titulo
#0 C:\xampp\htdocs\tecmed\app\Views\Profesional\nuevosExcel.php(19): CodeIgniter\Debug\Exceptions->errorHandler(2, 'Undefined varia...', 'C:\\xampp\\htdocs...', 19)
#1 C:\xampp\htdocs\tecmed\system\View\View.php(214): include('C:\\xampp\\htdocs...')
#2 C:\xampp\htdocs\tecmed\system\View\View.php(217): CodeIgniter\View\View->CodeIgniter\View\{closure}()
#3 C:\xampp\htdocs\tecmed\system\Common.php(1092): CodeIgniter\View\View->render('profesional/nue...', Array, true)
#4 C:\xampp\htdocs\tecmed\app\Controllers\CProfesional.php(212): view('profesional/nue...', Array)
#5 C:\xampp\htdocs\tecmed\system\CodeIgniter.php(802): App\Controllers\CProfesional->guardarExcel()
#6 C:\xampp\htdocs\tecmed\system\CodeIgniter.php(399): CodeIgniter\CodeIgniter->runController(Object(App\Controllers\CProfesional))
#7 C:\xampp\htdocs\tecmed\system\CodeIgniter.php(317): CodeIgniter\CodeIgniter->handleRequest(NULL, Object(Config\Cache), false)
#8 C:\xampp\htdocs\tecmed\public\index.php(37): CodeIgniter\CodeIgniter->run()
#9 {main}
CRITICAL - 2023-04-09 10:27:01 --> Undefined variable $registros_insertados
#0 C:\xampp\htdocs\tecmed\app\Views\Profesional\nuevosExcel.php(18): CodeIgniter\Debug\Exceptions->errorHandler(2, 'Undefined varia...', 'C:\\xampp\\htdocs...', 18)
#1 C:\xampp\htdocs\tecmed\system\View\View.php(214): include('C:\\xampp\\htdocs...')
#2 C:\xampp\htdocs\tecmed\system\View\View.php(217): CodeIgniter\View\View->CodeIgniter\View\{closure}()
#3 C:\xampp\htdocs\tecmed\system\Common.php(1092): CodeIgniter\View\View->render('profesional/nue...', Array, true)
#4 C:\xampp\htdocs\tecmed\app\Controllers\CProfesional.php(98): view('profesional/nue...', Array)
#5 C:\xampp\htdocs\tecmed\system\CodeIgniter.php(802): App\Controllers\CProfesional->nuevosExcel()
#6 C:\xampp\htdocs\tecmed\system\CodeIgniter.php(399): CodeIgniter\CodeIgniter->runController(Object(App\Controllers\CProfesional))
#7 C:\xampp\htdocs\tecmed\system\CodeIgniter.php(317): CodeIgniter\CodeIgniter->handleRequest(NULL, Object(Config\Cache), false)
#8 C:\xampp\htdocs\tecmed\public\index.php(37): CodeIgniter\CodeIgniter->run()
#9 {main}
CRITICAL - 2023-04-09 10:31:37 --> Undefined variable $registros_insertados
#0 C:\xampp\htdocs\tecmed\app\Views\Profesional\nuevosExcel.php(19): CodeIgniter\Debug\Exceptions->errorHandler(2, 'Undefined varia...', 'C:\\xampp\\htdocs...', 19)
#1 C:\xampp\htdocs\tecmed\system\View\View.php(214): include('C:\\xampp\\htdocs...')
#2 C:\xampp\htdocs\tecmed\system\View\View.php(217): CodeIgniter\View\View->CodeIgniter\View\{closure}()
#3 C:\xampp\htdocs\tecmed\system\Common.php(1092): CodeIgniter\View\View->render('profesional/nue...', Array, true)
#4 C:\xampp\htdocs\tecmed\app\Controllers\CProfesional.php(213): view('profesional/nue...', Array)
#5 C:\xampp\htdocs\tecmed\system\CodeIgniter.php(802): App\Controllers\CProfesional->guardarExcel()
#6 C:\xampp\htdocs\tecmed\system\CodeIgniter.php(399): CodeIgniter\CodeIgniter->runController(Object(App\Controllers\CProfesional))
#7 C:\xampp\htdocs\tecmed\system\CodeIgniter.php(317): CodeIgniter\CodeIgniter->handleRequest(NULL, Object(Config\Cache), false)
#8 C:\xampp\htdocs\tecmed\public\index.php(37): CodeIgniter\CodeIgniter->run()
#9 {main}
